{"/home/travis/build/npmtest/node-npmtest-gifencoder/test.js":{"path":"/home/travis/build/npmtest/node-npmtest-gifencoder/test.js","s":{"1":2,"2":2,"3":2,"4":2,"5":2,"6":2,"7":2,"8":1,"9":2,"10":2,"11":1,"12":1,"13":1,"14":1,"15":2,"16":2,"17":2,"18":2,"19":1,"20":1,"21":2,"22":2,"23":2,"24":1,"25":1,"26":1,"27":1,"28":1,"29":1,"30":1,"31":1,"32":1,"33":1,"34":1,"35":1,"36":1,"37":1,"38":1,"39":2,"40":2,"41":1,"42":2,"43":2,"44":1,"45":2,"46":2,"47":1,"48":2,"49":2,"50":1,"51":1,"52":1,"53":1,"54":1},"b":{"1":[2,1,1,1],"2":[1,1,1,1],"3":[1,1],"4":[1,1],"5":[1,1],"6":[1,1],"7":[1,1],"8":[1,1],"9":[1,1],"10":[1,1,1],"11":[1,1],"12":[1,1],"13":[1,1],"14":[1,1],"15":[1,1],"16":[1,1],"17":[1,1]},"f":{"1":2,"2":2,"3":2,"4":2,"5":2,"6":1,"7":1,"8":1,"9":2,"10":2,"11":2,"12":2,"13":1},"fnMap":{"1":{"name":"(anonymous_1)","line":12,"loc":{"start":{"line":12,"column":1},"end":{"line":12,"column":13}}},"2":{"name":"(anonymous_2)","line":19,"loc":{"start":{"line":19,"column":5},"end":{"line":19,"column":17}}},"3":{"name":"(anonymous_3)","line":23,"loc":{"start":{"line":23,"column":24},"end":{"line":23,"column":36}}},"4":{"name":"(anonymous_4)","line":61,"loc":{"start":{"line":61,"column":5},"end":{"line":61,"column":17}}},"5":{"name":"(anonymous_5)","line":82,"loc":{"start":{"line":82,"column":5},"end":{"line":82,"column":17}}},"6":{"name":"(anonymous_6)","line":91,"loc":{"start":{"line":91,"column":77},"end":{"line":94,"column":10}}},"7":{"name":"(anonymous_7)","line":112,"loc":{"start":{"line":112,"column":83},"end":{"line":115,"column":10}},"skip":true},"8":{"name":"(anonymous_8)","line":123,"loc":{"start":{"line":123,"column":77},"end":{"line":126,"column":10}},"skip":true},"9":{"name":"(anonymous_9)","line":139,"loc":{"start":{"line":139,"column":12},"end":{"line":139,"column":40}},"skip":true},"10":{"name":"(anonymous_10)","line":147,"loc":{"start":{"line":147,"column":77},"end":{"line":150,"column":10}},"skip":true},"11":{"name":"(anonymous_11)","line":158,"loc":{"start":{"line":158,"column":83},"end":{"line":161,"column":10}},"skip":true},"12":{"name":"(anonymous_12)","line":169,"loc":{"start":{"line":169,"column":79},"end":{"line":172,"column":10}},"skip":true},"13":{"name":"(anonymous_13)","line":180,"loc":{"start":{"line":180,"column":75},"end":{"line":183,"column":10}},"skip":true}},"statementMap":{"1":{"start":{"line":12,"column":0},"end":{"line":195,"column":5}},"2":{"start":{"line":14,"column":4},"end":{"line":14,"column":14}},"3":{"start":{"line":19,"column":4},"end":{"line":56,"column":9}},"4":{"start":{"line":21,"column":8},"end":{"line":21,"column":19}},"5":{"start":{"line":23,"column":8},"end":{"line":35,"column":13}},"6":{"start":{"line":24,"column":12},"end":{"line":34,"column":13}},"7":{"start":{"line":25,"column":16},"end":{"line":28,"column":30}},"8":{"start":{"line":30,"column":16},"end":{"line":33,"column":27}},"9":{"start":{"line":37,"column":8},"end":{"line":39,"column":21}},"10":{"start":{"line":40,"column":8},"end":{"line":53,"column":9}},"11":{"start":{"line":43,"column":12},"end":{"line":46,"column":14}},"12":{"start":{"line":47,"column":12},"end":{"line":47,"column":18}},"13":{"start":{"line":50,"column":12},"end":{"line":51,"column":33}},"14":{"start":{"line":52,"column":12},"end":{"line":52,"column":18}},"15":{"start":{"line":55,"column":8},"end":{"line":55,"column":35}},"16":{"start":{"line":61,"column":4},"end":{"line":63,"column":9}},"17":{"start":{"line":62,"column":8},"end":{"line":62,"column":15}},"18":{"start":{"line":64,"column":4},"end":{"line":77,"column":5}},"19":{"start":{"line":70,"column":8},"end":{"line":70,"column":14}},"20":{"start":{"line":76,"column":8},"end":{"line":76,"column":14}},"21":{"start":{"line":82,"column":4},"end":{"line":84,"column":9}},"22":{"start":{"line":83,"column":8},"end":{"line":83,"column":15}},"23":{"start":{"line":85,"column":4},"end":{"line":194,"column":5}},"24":{"start":{"line":91,"column":8},"end":{"line":99,"column":10}},"25":{"start":{"line":98,"column":12},"end":{"line":98,"column":35}},"26":{"start":{"line":102,"column":8},"end":{"line":104,"column":63}},"27":{"start":{"line":105,"column":8},"end":{"line":105,"column":14}},"28":{"start":{"line":112,"column":8},"end":{"line":121,"column":10},"skip":true},"29":{"start":{"line":119,"column":12},"end":{"line":119,"column":55},"skip":true},"30":{"start":{"line":120,"column":12},"end":{"line":120,"column":48},"skip":true},"31":{"start":{"line":123,"column":8},"end":{"line":136,"column":10},"skip":true},"32":{"start":{"line":130,"column":12},"end":{"line":130,"column":76},"skip":true},"33":{"start":{"line":131,"column":12},"end":{"line":131,"column":73},"skip":true},"34":{"start":{"line":132,"column":12},"end":{"line":132,"column":74},"skip":true},"35":{"start":{"line":133,"column":12},"end":{"line":133,"column":79},"skip":true},"36":{"start":{"line":134,"column":12},"end":{"line":134,"column":25},"skip":true},"37":{"start":{"line":135,"column":12},"end":{"line":135,"column":45},"skip":true},"38":{"start":{"line":138,"column":8},"end":{"line":145,"column":14},"skip":true},"39":{"start":{"line":143,"column":16},"end":{"line":143,"column":29},"skip":true},"40":{"start":{"line":144,"column":16},"end":{"line":144,"column":55},"skip":true},"41":{"start":{"line":147,"column":8},"end":{"line":156,"column":10},"skip":true},"42":{"start":{"line":154,"column":12},"end":{"line":154,"column":25},"skip":true},"43":{"start":{"line":155,"column":12},"end":{"line":155,"column":45},"skip":true},"44":{"start":{"line":158,"column":8},"end":{"line":167,"column":10},"skip":true},"45":{"start":{"line":165,"column":12},"end":{"line":165,"column":25},"skip":true},"46":{"start":{"line":166,"column":12},"end":{"line":166,"column":48},"skip":true},"47":{"start":{"line":169,"column":8},"end":{"line":178,"column":10},"skip":true},"48":{"start":{"line":176,"column":12},"end":{"line":176,"column":25},"skip":true},"49":{"start":{"line":177,"column":12},"end":{"line":177,"column":46},"skip":true},"50":{"start":{"line":180,"column":8},"end":{"line":189,"column":10},"skip":true},"51":{"start":{"line":187,"column":12},"end":{"line":187,"column":94},"skip":true},"52":{"start":{"line":188,"column":12},"end":{"line":188,"column":48},"skip":true},"53":{"start":{"line":192,"column":8},"end":{"line":192,"column":35},"skip":true},"54":{"start":{"line":193,"column":8},"end":{"line":193,"column":14},"skip":true}},"branchMap":{"1":{"line":25,"type":"binary-expr","locations":[{"start":{"line":25,"column":23},"end":{"line":25,"column":62}},{"start":{"line":26,"column":20},"end":{"line":26,"column":70}},{"start":{"line":27,"column":20},"end":{"line":27,"column":71}},{"start":{"line":28,"column":20},"end":{"line":28,"column":29}}]},"2":{"line":30,"type":"binary-expr","locations":[{"start":{"line":30,"column":23},"end":{"line":30,"column":37}},{"start":{"line":31,"column":20},"end":{"line":31,"column":61}},{"start":{"line":32,"column":20},"end":{"line":32,"column":70}},{"start":{"line":33,"column":20},"end":{"line":33,"column":26}}]},"3":{"line":37,"type":"cond-expr","locations":[{"start":{"line":38,"column":14},"end":{"line":38,"column":20}},{"start":{"line":39,"column":14},"end":{"line":39,"column":20}}]},"4":{"line":40,"type":"switch","locations":[{"start":{"line":42,"column":8},"end":{"line":47,"column":18}},{"start":{"line":49,"column":8},"end":{"line":52,"column":18}}]},"5":{"line":44,"type":"binary-expr","locations":[{"start":{"line":44,"column":16},"end":{"line":44,"column":44}},{"start":{"line":44,"column":48},"end":{"line":44,"column":66}}]},"6":{"line":50,"type":"binary-expr","locations":[{"start":{"line":50,"column":21},"end":{"line":50,"column":49}},{"start":{"line":50,"column":53},"end":{"line":50,"column":72}}]},"7":{"line":64,"type":"switch","locations":[{"start":{"line":69,"column":4},"end":{"line":70,"column":14}},{"start":{"line":75,"column":4},"end":{"line":76,"column":14}}]},"8":{"line":85,"type":"switch","locations":[{"start":{"line":90,"column":4},"end":{"line":105,"column":14}},{"start":{"line":111,"column":4},"end":{"line":193,"column":14},"skip":true}]},"9":{"line":91,"type":"binary-expr","locations":[{"start":{"line":91,"column":42},"end":{"line":91,"column":73}},{"start":{"line":91,"column":77},"end":{"line":99,"column":9}}]},"10":{"line":102,"type":"binary-expr","locations":[{"start":{"line":102,"column":18},"end":{"line":102,"column":32}},{"start":{"line":103,"column":12},"end":{"line":103,"column":53}},{"start":{"line":104,"column":12},"end":{"line":104,"column":61}}]},"11":{"line":112,"type":"binary-expr","locations":[{"start":{"line":112,"column":45},"end":{"line":112,"column":79},"skip":true},{"start":{"line":112,"column":83},"end":{"line":121,"column":9},"skip":true}]},"12":{"line":123,"type":"binary-expr","locations":[{"start":{"line":123,"column":42},"end":{"line":123,"column":73},"skip":true},{"start":{"line":123,"column":77},"end":{"line":136,"column":9},"skip":true}]},"13":{"line":138,"type":"binary-expr","locations":[{"start":{"line":138,"column":48},"end":{"line":138,"column":85},"skip":true},{"start":{"line":139,"column":12},"end":{"line":145,"column":13},"skip":true}]},"14":{"line":147,"type":"binary-expr","locations":[{"start":{"line":147,"column":42},"end":{"line":147,"column":73},"skip":true},{"start":{"line":147,"column":77},"end":{"line":156,"column":9},"skip":true}]},"15":{"line":158,"type":"binary-expr","locations":[{"start":{"line":158,"column":45},"end":{"line":158,"column":79},"skip":true},{"start":{"line":158,"column":83},"end":{"line":167,"column":9},"skip":true}]},"16":{"line":169,"type":"binary-expr","locations":[{"start":{"line":169,"column":43},"end":{"line":169,"column":75},"skip":true},{"start":{"line":169,"column":79},"end":{"line":178,"column":9},"skip":true}]},"17":{"line":180,"type":"binary-expr","locations":[{"start":{"line":180,"column":41},"end":{"line":180,"column":71},"skip":true},{"start":{"line":180,"column":75},"end":{"line":189,"column":9},"skip":true}]}},"code":["/* istanbul instrument in package npmtest_gifencoder */","/*jslint","    bitwise: true,","    browser: true,","    maxerr: 8,","    maxlen: 96,","    node: true,","    nomen: true,","    regexp: true,","    stupid: true","*/","(function () {","    'use strict';","    var local;","","","","    // run shared js-env code - init-before","    (function () {","        // init local","        local = {};","        // init modeJs","        local.modeJs = (function () {","            try {","                return typeof navigator.userAgent === 'string' &&","                    typeof document.querySelector('body') === 'object' &&","                    typeof XMLHttpRequest.prototype.open === 'function' &&","                    'browser';","            } catch (errorCaughtBrowser) {","                return module.exports &&","                    typeof process.versions.node === 'string' &&","                    typeof require('http').createServer === 'function' &&","                    'node';","            }","        }());","        // init global","        local.global = local.modeJs === 'browser'","            ? window","            : global;","        switch (local.modeJs) {","        // re-init local from window.local","        case 'browser':","            local = local.global.utility2.objectSetDefault(","                local.global.utility2_rollup || local.global.local,","                local.global.utility2","            );","            break;","        // re-init local from example.js","        case 'node':","            local = (local.global.utility2_rollup || require('utility2'))","                .requireReadme();","            break;","        }","        // export local","        local.global.local = local;","    }());","","","","    // run shared js-env code - function","    (function () {","        return;","    }());","    switch (local.modeJs) {","","","","    // run browser js-env code - function","    case 'browser':","        break;","","","","    // run node js-env code - function","    case 'node':","        break;","    }","","","","    // run shared js-env code - init-after","    (function () {","        return;","    }());","    switch (local.modeJs) {","","","","    // run browser js-env code - init-after","    case 'browser':","        local.testCase_browser_nullCase = local.testCase_browser_nullCase || function (","            options,","            onError","        ) {","        /*","         * this function will test browsers's null-case handling-behavior-behavior","         */","            onError(null, options);","        };","","        // run tests","        local.nop(local.modeTest &&","            document.querySelector('#testRunButton1') &&","            document.querySelector('#testRunButton1').click());","        break;","","","","    // run node js-env code - init-after","    /* istanbul ignore next */","    case 'node':","        local.testCase_buildApidoc_default = local.testCase_buildApidoc_default || function (","            options,","            onError","        ) {","        /*","         * this function will test buildApidoc's default handling-behavior-behavior","         */","            options = { modulePathList: module.paths };","            local.buildApidoc(options, onError);","        };","","        local.testCase_buildApp_default = local.testCase_buildApp_default || function (","            options,","            onError","        ) {","        /*","         * this function will test buildApp's default handling-behavior-behavior","         */","            local.testCase_buildReadme_default(options, local.onErrorThrow);","            local.testCase_buildLib_default(options, local.onErrorThrow);","            local.testCase_buildTest_default(options, local.onErrorThrow);","            local.testCase_buildCustomOrg_default(options, local.onErrorThrow);","            options = [];","            local.buildApp(options, onError);","        };","","        local.testCase_buildCustomOrg_default = local.testCase_buildCustomOrg_default ||","            function (options, onError) {","            /*","             * this function will test buildCustomOrg's default handling-behavior","             */","                options = {};","                local.buildCustomOrg(options, onError);","            };","","        local.testCase_buildLib_default = local.testCase_buildLib_default || function (","            options,","            onError","        ) {","        /*","         * this function will test buildLib's default handling-behavior","         */","            options = {};","            local.buildLib(options, onError);","        };","","        local.testCase_buildReadme_default = local.testCase_buildReadme_default || function (","            options,","            onError","        ) {","        /*","         * this function will test buildReadme's default handling-behavior-behavior","         */","            options = {};","            local.buildReadme(options, onError);","        };","","        local.testCase_buildTest_default = local.testCase_buildTest_default || function (","            options,","            onError","        ) {","        /*","         * this function will test buildTest's default handling-behavior","         */","            options = {};","            local.buildTest(options, onError);","        };","","        local.testCase_webpage_default = local.testCase_webpage_default || function (","            options,","            onError","        ) {","        /*","         * this function will test webpage's default handling-behavior","         */","            options = { modeCoverageMerge: true, url: local.serverLocalHost + '?modeTest=1' };","            local.browserTest(options, onError);","        };","","        // run test-server","        local.testRunServer(local);","        break;","    }","}());",""],"l":{"12":2,"14":2,"19":2,"21":2,"23":2,"24":2,"25":2,"30":1,"37":2,"40":2,"43":1,"47":1,"50":1,"52":1,"55":2,"61":2,"62":2,"64":2,"70":1,"76":1,"82":2,"83":2,"85":2,"91":1,"98":1,"102":1,"105":1,"112":1,"119":1,"120":1,"123":1,"130":1,"131":1,"132":1,"133":1,"134":1,"135":1,"138":1,"143":2,"144":2,"147":1,"154":2,"155":2,"158":1,"165":2,"166":2,"169":1,"176":2,"177":2,"180":1,"187":1,"188":1,"192":1,"193":1}},"/home/travis/build/npmtest/node-npmtest-gifencoder/lib.npmtest_gifencoder.js":{"path":"/home/travis/build/npmtest/node-npmtest-gifencoder/lib.npmtest_gifencoder.js","s":{"1":2,"2":2,"3":2,"4":2,"5":2,"6":2,"7":2,"8":1,"9":2,"10":2,"11":2,"12":2,"13":1,"14":1,"15":1,"16":1},"b":{"1":[2,1,1,1],"2":[1,1,1,1],"3":[1,1],"4":[2,2],"5":[1,1]},"f":{"1":2,"2":2,"3":2},"fnMap":{"1":{"name":"(anonymous_1)","line":12,"loc":{"start":{"line":12,"column":1},"end":{"line":12,"column":13}}},"2":{"name":"(anonymous_2)","line":19,"loc":{"start":{"line":19,"column":5},"end":{"line":19,"column":17}}},"3":{"name":"(anonymous_3)","line":23,"loc":{"start":{"line":23,"column":24},"end":{"line":23,"column":36}}}},"statementMap":{"1":{"start":{"line":12,"column":0},"end":{"line":53,"column":5}},"2":{"start":{"line":14,"column":4},"end":{"line":14,"column":14}},"3":{"start":{"line":19,"column":4},"end":{"line":52,"column":9}},"4":{"start":{"line":21,"column":8},"end":{"line":21,"column":19}},"5":{"start":{"line":23,"column":8},"end":{"line":35,"column":13}},"6":{"start":{"line":24,"column":12},"end":{"line":34,"column":13}},"7":{"start":{"line":25,"column":16},"end":{"line":28,"column":30}},"8":{"start":{"line":30,"column":16},"end":{"line":33,"column":27}},"9":{"start":{"line":37,"column":8},"end":{"line":39,"column":21}},"10":{"start":{"line":41,"column":8},"end":{"line":41,"column":54}},"11":{"start":{"line":43,"column":8},"end":{"line":43,"column":55}},"12":{"start":{"line":45,"column":8},"end":{"line":51,"column":9}},"13":{"start":{"line":46,"column":12},"end":{"line":46,"column":61}},"14":{"start":{"line":48,"column":12},"end":{"line":48,"column":35}},"15":{"start":{"line":49,"column":12},"end":{"line":49,"column":49}},"16":{"start":{"line":50,"column":12},"end":{"line":50,"column":43}}},"branchMap":{"1":{"line":25,"type":"binary-expr","locations":[{"start":{"line":25,"column":23},"end":{"line":25,"column":62}},{"start":{"line":26,"column":20},"end":{"line":26,"column":70}},{"start":{"line":27,"column":20},"end":{"line":27,"column":71}},{"start":{"line":28,"column":20},"end":{"line":28,"column":29}}]},"2":{"line":30,"type":"binary-expr","locations":[{"start":{"line":30,"column":23},"end":{"line":30,"column":37}},{"start":{"line":31,"column":20},"end":{"line":31,"column":61}},{"start":{"line":32,"column":20},"end":{"line":32,"column":70}},{"start":{"line":33,"column":20},"end":{"line":33,"column":26}}]},"3":{"line":37,"type":"cond-expr","locations":[{"start":{"line":38,"column":14},"end":{"line":38,"column":20}},{"start":{"line":39,"column":14},"end":{"line":39,"column":20}}]},"4":{"line":41,"type":"binary-expr","locations":[{"start":{"line":41,"column":16},"end":{"line":41,"column":44}},{"start":{"line":41,"column":48},"end":{"line":41,"column":53}}]},"5":{"line":45,"type":"if","locations":[{"start":{"line":45,"column":8},"end":{"line":45,"column":8}},{"start":{"line":45,"column":8},"end":{"line":45,"column":8}}]}},"code":["/* istanbul instrument in package npmtest_gifencoder */","/*jslint","    bitwise: true,","    browser: true,","    maxerr: 8,","    maxlen: 96,","    node: true,","    nomen: true,","    regexp: true,","    stupid: true","*/","(function () {","    'use strict';","    var local;","","","","    // run shared js-env code - init-before","    (function () {","        // init local","        local = {};","        // init modeJs","        local.modeJs = (function () {","            try {","                return typeof navigator.userAgent === 'string' &&","                    typeof document.querySelector('body') === 'object' &&","                    typeof XMLHttpRequest.prototype.open === 'function' &&","                    'browser';","            } catch (errorCaughtBrowser) {","                return module.exports &&","                    typeof process.versions.node === 'string' &&","                    typeof require('http').createServer === 'function' &&","                    'node';","            }","        }());","        // init global","        local.global = local.modeJs === 'browser'","            ? window","            : global;","        // init utility2_rollup","        local = local.global.utility2_rollup || local;","        // init lib","        local.local = local.npmtest_gifencoder = local;","        // init exports","        if (local.modeJs === 'browser') {","            local.global.utility2_npmtest_gifencoder = local;","        } else {","            module.exports = local;","            module.exports.__dirname = __dirname;","            module.exports.module = module;","        }","    }());","}());",""],"l":{"12":2,"14":2,"19":2,"21":2,"23":2,"24":2,"25":2,"30":1,"37":2,"41":2,"43":2,"45":2,"46":1,"48":1,"49":1,"50":1}},"/home/travis/build/npmtest/node-npmtest-gifencoder/example.js":{"path":"/home/travis/build/npmtest/node-npmtest-gifencoder/example.js","s":{"1":2,"2":2,"3":2,"4":2,"5":2,"6":2,"7":2,"8":1,"9":2,"10":2,"11":2,"12":2,"13":1,"14":2,"15":2,"16":2,"17":2,"18":2,"19":0,"20":2,"21":1,"22":1,"23":1,"24":1,"25":1,"26":0,"27":0,"28":1,"29":1,"30":2,"31":0,"32":0,"33":0,"34":1,"35":2,"36":2,"37":3,"38":3,"39":3,"40":3,"41":0,"42":3,"43":3,"44":3,"45":1,"46":3,"47":1,"48":1,"49":1,"50":1,"51":1,"52":1,"53":1,"54":1,"55":1,"56":1,"57":0,"58":1,"59":6,"60":6,"61":1,"62":2,"63":0,"64":2,"65":1,"66":1,"67":0,"68":0,"69":0,"70":0,"71":0,"72":0,"73":0,"74":0,"75":0,"76":0,"77":0,"78":0,"79":0,"80":0,"81":0,"82":0,"83":0},"b":{"1":[2,1,1,1],"2":[1,1,1,1],"3":[1,1],"4":[2,2],"5":[1,1],"6":[1,1],"7":[2,0],"8":[2,1,1,1,1,1],"9":[0,2,0],"10":[1,1],"11":[2,1,1],"12":[1,0],"13":[0,2],"14":[2,0,0,0,0,0,0],"15":[0,3],"16":[3,0],"17":[1,1],"18":[0,1],"19":[1,2,0,2],"20":[1,0],"21":[1,1],"22":[0,0],"23":[0,0],"24":[0,0],"25":[0,0],"26":[0,0],"27":[0,0],"28":[0,0]},"f":{"1":2,"2":2,"3":2,"4":2,"5":2,"6":2,"7":3,"8":3,"9":3,"10":1,"11":6,"12":0},"fnMap":{"1":{"name":"(anonymous_1)","line":26,"loc":{"start":{"line":26,"column":1},"end":{"line":26,"column":13}}},"2":{"name":"(anonymous_2)","line":33,"loc":{"start":{"line":33,"column":5},"end":{"line":33,"column":17}}},"3":{"name":"(anonymous_3)","line":37,"loc":{"start":{"line":37,"column":24},"end":{"line":37,"column":36}}},"4":{"name":"(anonymous_4)","line":69,"loc":{"start":{"line":69,"column":31},"end":{"line":69,"column":48}},"skip":true},"5":{"name":"(anonymous_5)","line":78,"loc":{"start":{"line":78,"column":26},"end":{"line":78,"column":45}},"skip":true},"6":{"name":"(anonymous_6)","line":123,"loc":{"start":{"line":123,"column":33},"end":{"line":123,"column":48}},"skip":true},"7":{"name":"(anonymous_7)","line":125,"loc":{"start":{"line":125,"column":27},"end":{"line":125,"column":39}},"skip":true},"8":{"name":"(anonymous_8)","line":133,"loc":{"start":{"line":133,"column":59},"end":{"line":133,"column":74}},"skip":true},"9":{"name":"(anonymous_9)","line":143,"loc":{"start":{"line":143,"column":45},"end":{"line":143,"column":62}},"skip":true},"10":{"name":"(anonymous_10)","line":144,"loc":{"start":{"line":144,"column":73},"end":{"line":144,"column":92}},"skip":true},"11":{"name":"(anonymous_11)","line":272,"loc":{"start":{"line":272,"column":51},"end":{"line":272,"column":77}},"skip":true},"12":{"name":"(anonymous_12)","line":315,"loc":{"start":{"line":315,"column":32},"end":{"line":315,"column":61}},"skip":true}},"statementMap":{"1":{"start":{"line":26,"column":0},"end":{"line":326,"column":5}},"2":{"start":{"line":28,"column":4},"end":{"line":28,"column":14}},"3":{"start":{"line":33,"column":4},"end":{"line":60,"column":9}},"4":{"start":{"line":35,"column":8},"end":{"line":35,"column":19}},"5":{"start":{"line":37,"column":8},"end":{"line":49,"column":13}},"6":{"start":{"line":38,"column":12},"end":{"line":48,"column":13}},"7":{"start":{"line":39,"column":16},"end":{"line":42,"column":30}},"8":{"start":{"line":44,"column":16},"end":{"line":47,"column":27}},"9":{"start":{"line":51,"column":8},"end":{"line":53,"column":21}},"10":{"start":{"line":55,"column":8},"end":{"line":57,"column":45}},"11":{"start":{"line":59,"column":8},"end":{"line":59,"column":35}},"12":{"start":{"line":61,"column":4},"end":{"line":325,"column":5}},"13":{"start":{"line":69,"column":8},"end":{"line":121,"column":10},"skip":true},"14":{"start":{"line":70,"column":12},"end":{"line":88,"column":13},"skip":true},"15":{"start":{"line":76,"column":16},"end":{"line":87,"column":19},"skip":true},"16":{"start":{"line":79,"column":20},"end":{"line":86,"column":21},"skip":true},"17":{"start":{"line":82,"column":24},"end":{"line":82,"column":43},"skip":true},"18":{"start":{"line":83,"column":24},"end":{"line":83,"column":30},"skip":true},"19":{"start":{"line":85,"column":24},"end":{"line":85,"column":49},"skip":true},"20":{"start":{"line":89,"column":12},"end":{"line":107,"column":13},"skip":true},"21":{"start":{"line":92,"column":16},"end":{"line":102,"column":17},"skip":true},"22":{"start":{"line":93,"column":20},"end":{"line":93,"column":86},"skip":true},"23":{"start":{"line":94,"column":20},"end":{"line":95,"column":45},"skip":true},"24":{"start":{"line":96,"column":20},"end":{"line":96,"column":42},"skip":true},"25":{"start":{"line":97,"column":20},"end":{"line":97,"column":48},"skip":true},"26":{"start":{"line":100,"column":20},"end":{"line":100,"column":85},"skip":true},"27":{"start":{"line":101,"column":20},"end":{"line":101,"column":96},"skip":true},"28":{"start":{"line":103,"column":16},"end":{"line":103,"column":22},"skip":true},"29":{"start":{"line":106,"column":16},"end":{"line":106,"column":22},"skip":true},"30":{"start":{"line":108,"column":12},"end":{"line":120,"column":13},"skip":true},"31":{"start":{"line":114,"column":16},"end":{"line":119,"column":17},"skip":true},"32":{"start":{"line":116,"column":20},"end":{"line":116,"column":78},"skip":true},"33":{"start":{"line":118,"column":20},"end":{"line":118,"column":47},"skip":true},"34":{"start":{"line":123,"column":8},"end":{"line":141,"column":11},"skip":true},"35":{"start":{"line":124,"column":12},"end":{"line":124,"column":54},"skip":true},"36":{"start":{"line":125,"column":12},"end":{"line":140,"column":14},"skip":true},"37":{"start":{"line":126,"column":16},"end":{"line":126,"column":28},"skip":true},"38":{"start":{"line":127,"column":16},"end":{"line":127,"column":69},"skip":true},"39":{"start":{"line":128,"column":16},"end":{"line":128,"column":75},"skip":true},"40":{"start":{"line":129,"column":16},"end":{"line":131,"column":17},"skip":true},"41":{"start":{"line":130,"column":20},"end":{"line":130,"column":27},"skip":true},"42":{"start":{"line":133,"column":16},"end":{"line":137,"column":36},"skip":true},"43":{"start":{"line":134,"column":20},"end":{"line":136,"column":55},"skip":true},"44":{"start":{"line":139,"column":16},"end":{"line":139,"column":57},"skip":true},"45":{"start":{"line":143,"column":8},"end":{"line":147,"column":11},"skip":true},"46":{"start":{"line":144,"column":12},"end":{"line":146,"column":15},"skip":true},"47":{"start":{"line":145,"column":16},"end":{"line":145,"column":70},"skip":true},"48":{"start":{"line":149,"column":8},"end":{"line":149,"column":31},"skip":true},"49":{"start":{"line":150,"column":8},"end":{"line":150,"column":14},"skip":true},"50":{"start":{"line":158,"column":8},"end":{"line":158,"column":31},"skip":true},"51":{"start":{"line":160,"column":8},"end":{"line":160,"column":33},"skip":true},"52":{"start":{"line":161,"column":8},"end":{"line":161,"column":37},"skip":true},"53":{"start":{"line":162,"column":8},"end":{"line":162,"column":35},"skip":true},"54":{"start":{"line":164,"column":8},"end":{"line":164,"column":50},"skip":true},"55":{"start":{"line":166,"column":8},"end":{"line":256,"column":2},"skip":true},"56":{"start":{"line":258,"column":8},"end":{"line":286,"column":9},"skip":true},"57":{"start":{"line":259,"column":12},"end":{"line":269,"column":14},"skip":true},"58":{"start":{"line":271,"column":12},"end":{"line":285,"column":19},"skip":true},"59":{"start":{"line":274,"column":20},"end":{"line":274,"column":35},"skip":true},"60":{"start":{"line":275,"column":20},"end":{"line":284,"column":21},"skip":true},"61":{"start":{"line":277,"column":24},"end":{"line":277,"column":64},"skip":true},"62":{"start":{"line":279,"column":24},"end":{"line":279,"column":40},"skip":true},"63":{"start":{"line":281,"column":24},"end":{"line":281,"column":40},"skip":true},"64":{"start":{"line":283,"column":24},"end":{"line":283,"column":39},"skip":true},"65":{"start":{"line":288,"column":8},"end":{"line":290,"column":9},"skip":true},"66":{"start":{"line":289,"column":12},"end":{"line":289,"column":18},"skip":true},"67":{"start":{"line":291,"column":8},"end":{"line":293,"column":54},"skip":true},"68":{"start":{"line":296,"column":8},"end":{"line":301,"column":37},"skip":true},"69":{"start":{"line":303,"column":8},"end":{"line":303,"column":82},"skip":true},"70":{"start":{"line":306,"column":8},"end":{"line":308,"column":9},"skip":true},"71":{"start":{"line":307,"column":12},"end":{"line":307,"column":82},"skip":true},"72":{"start":{"line":310,"column":8},"end":{"line":312,"column":9},"skip":true},"73":{"start":{"line":311,"column":12},"end":{"line":311,"column":18},"skip":true},"74":{"start":{"line":313,"column":8},"end":{"line":313,"column":54},"skip":true},"75":{"start":{"line":314,"column":8},"end":{"line":314,"column":69},"skip":true},"76":{"start":{"line":315,"column":8},"end":{"line":323,"column":36},"skip":true},"77":{"start":{"line":316,"column":12},"end":{"line":316,"column":61},"skip":true},"78":{"start":{"line":317,"column":12},"end":{"line":320,"column":13},"skip":true},"79":{"start":{"line":318,"column":16},"end":{"line":318,"column":75},"skip":true},"80":{"start":{"line":319,"column":16},"end":{"line":319,"column":23},"skip":true},"81":{"start":{"line":321,"column":12},"end":{"line":321,"column":38},"skip":true},"82":{"start":{"line":322,"column":12},"end":{"line":322,"column":27},"skip":true},"83":{"start":{"line":324,"column":8},"end":{"line":324,"column":14},"skip":true}},"branchMap":{"1":{"line":39,"type":"binary-expr","locations":[{"start":{"line":39,"column":23},"end":{"line":39,"column":62}},{"start":{"line":40,"column":20},"end":{"line":40,"column":70}},{"start":{"line":41,"column":20},"end":{"line":41,"column":71}},{"start":{"line":42,"column":20},"end":{"line":42,"column":29}}]},"2":{"line":44,"type":"binary-expr","locations":[{"start":{"line":44,"column":23},"end":{"line":44,"column":37}},{"start":{"line":45,"column":20},"end":{"line":45,"column":61}},{"start":{"line":46,"column":20},"end":{"line":46,"column":70}},{"start":{"line":47,"column":20},"end":{"line":47,"column":26}}]},"3":{"line":51,"type":"cond-expr","locations":[{"start":{"line":52,"column":14},"end":{"line":52,"column":20}},{"start":{"line":53,"column":14},"end":{"line":53,"column":20}}]},"4":{"line":55,"type":"binary-expr","locations":[{"start":{"line":55,"column":16},"end":{"line":55,"column":44}},{"start":{"line":55,"column":49},"end":{"line":57,"column":43}}]},"5":{"line":55,"type":"cond-expr","locations":[{"start":{"line":56,"column":14},"end":{"line":56,"column":54}},{"start":{"line":57,"column":14},"end":{"line":57,"column":43}}]},"6":{"line":61,"type":"switch","locations":[{"start":{"line":68,"column":4},"end":{"line":150,"column":14},"skip":true},{"start":{"line":156,"column":4},"end":{"line":324,"column":14},"skip":true}]},"7":{"line":70,"type":"if","locations":[{"start":{"line":70,"column":12},"end":{"line":70,"column":12},"skip":true},{"start":{"line":70,"column":12},"end":{"line":70,"column":12},"skip":true}]},"8":{"line":70,"type":"binary-expr","locations":[{"start":{"line":70,"column":16},"end":{"line":70,"column":22},"skip":true},{"start":{"line":70,"column":27},"end":{"line":70,"column":32},"skip":true},{"start":{"line":71,"column":20},"end":{"line":71,"column":39},"skip":true},{"start":{"line":72,"column":20},"end":{"line":72,"column":49},"skip":true},{"start":{"line":73,"column":20},"end":{"line":73,"column":58},"skip":true},{"start":{"line":74,"column":20},"end":{"line":74,"column":69},"skip":true}]},"9":{"line":79,"type":"switch","locations":[{"start":{"line":80,"column":20},"end":{"line":80,"column":33},"skip":true},{"start":{"line":81,"column":20},"end":{"line":83,"column":30},"skip":true},{"start":{"line":84,"column":20},"end":{"line":85,"column":49},"skip":true}]},"10":{"line":89,"type":"switch","locations":[{"start":{"line":90,"column":12},"end":{"line":103,"column":22},"skip":true},{"start":{"line":105,"column":12},"end":{"line":106,"column":22},"skip":true}]},"11":{"line":89,"type":"binary-expr","locations":[{"start":{"line":89,"column":20},"end":{"line":89,"column":25},"skip":true},{"start":{"line":89,"column":29},"end":{"line":89,"column":48},"skip":true},{"start":{"line":89,"column":52},"end":{"line":89,"column":74},"skip":true}]},"12":{"line":92,"type":"if","locations":[{"start":{"line":92,"column":16},"end":{"line":92,"column":16},"skip":true},{"start":{"line":92,"column":16},"end":{"line":92,"column":16},"skip":true}]},"13":{"line":108,"type":"if","locations":[{"start":{"line":108,"column":12},"end":{"line":108,"column":12},"skip":true},{"start":{"line":108,"column":12},"end":{"line":108,"column":12},"skip":true}]},"14":{"line":108,"type":"binary-expr","locations":[{"start":{"line":108,"column":16},"end":{"line":108,"column":61},"skip":true},{"start":{"line":108,"column":66},"end":{"line":108,"column":72},"skip":true},{"start":{"line":108,"column":77},"end":{"line":108,"column":82},"skip":true},{"start":{"line":109,"column":20},"end":{"line":109,"column":39},"skip":true},{"start":{"line":110,"column":20},"end":{"line":110,"column":49},"skip":true},{"start":{"line":111,"column":20},"end":{"line":111,"column":58},"skip":true},{"start":{"line":112,"column":20},"end":{"line":112,"column":68},"skip":true}]},"15":{"line":129,"type":"if","locations":[{"start":{"line":129,"column":16},"end":{"line":129,"column":16},"skip":true},{"start":{"line":129,"column":16},"end":{"line":129,"column":16},"skip":true}]},"16":{"line":134,"type":"cond-expr","locations":[{"start":{"line":135,"column":26},"end":{"line":135,"column":29},"skip":true},{"start":{"line":136,"column":26},"end":{"line":136,"column":54},"skip":true}]},"17":{"line":164,"type":"binary-expr","locations":[{"start":{"line":164,"column":27},"end":{"line":164,"column":43},"skip":true},{"start":{"line":164,"column":47},"end":{"line":164,"column":49},"skip":true}]},"18":{"line":258,"type":"if","locations":[{"start":{"line":258,"column":8},"end":{"line":258,"column":8},"skip":true},{"start":{"line":258,"column":8},"end":{"line":258,"column":8},"skip":true}]},"19":{"line":275,"type":"switch","locations":[{"start":{"line":276,"column":20},"end":{"line":277,"column":64},"skip":true},{"start":{"line":278,"column":20},"end":{"line":279,"column":40},"skip":true},{"start":{"line":280,"column":20},"end":{"line":281,"column":40},"skip":true},{"start":{"line":282,"column":20},"end":{"line":283,"column":39},"skip":true}]},"20":{"line":288,"type":"if","locations":[{"start":{"line":288,"column":8},"end":{"line":288,"column":8},"skip":true},{"start":{"line":288,"column":8},"end":{"line":288,"column":8},"skip":true}]},"21":{"line":288,"type":"binary-expr","locations":[{"start":{"line":288,"column":12},"end":{"line":288,"column":40},"skip":true},{"start":{"line":288,"column":44},"end":{"line":288,"column":67},"skip":true}]},"22":{"line":292,"type":"binary-expr","locations":[{"start":{"line":292,"column":12},"end":{"line":292,"column":50},"skip":true},{"start":{"line":293,"column":12},"end":{"line":293,"column":53},"skip":true}]},"23":{"line":297,"type":"binary-expr","locations":[{"start":{"line":297,"column":12},"end":{"line":297,"column":68},"skip":true},{"start":{"line":298,"column":12},"end":{"line":301,"column":36},"skip":true}]},"24":{"line":303,"type":"binary-expr","locations":[{"start":{"line":303,"column":43},"end":{"line":303,"column":75},"skip":true},{"start":{"line":303,"column":79},"end":{"line":303,"column":81},"skip":true}]},"25":{"line":306,"type":"if","locations":[{"start":{"line":306,"column":8},"end":{"line":306,"column":8},"skip":true},{"start":{"line":306,"column":8},"end":{"line":306,"column":8},"skip":true}]},"26":{"line":310,"type":"if","locations":[{"start":{"line":310,"column":8},"end":{"line":310,"column":8},"skip":true},{"start":{"line":310,"column":8},"end":{"line":310,"column":8},"skip":true}]},"27":{"line":313,"type":"binary-expr","locations":[{"start":{"line":313,"column":27},"end":{"line":313,"column":43},"skip":true},{"start":{"line":313,"column":47},"end":{"line":313,"column":53},"skip":true}]},"28":{"line":317,"type":"if","locations":[{"start":{"line":317,"column":12},"end":{"line":317,"column":12},"skip":true},{"start":{"line":317,"column":12},"end":{"line":317,"column":12},"skip":true}]}},"code":["/*","example.js","","quickstart example","","instruction","    1. save this script as example.js","    2. run the shell command:","        $ npm install npmtest-gifencoder && PORT=8081 node example.js","    3. play with the browser-demo on http://127.0.0.1:8081","*/","","","","/* istanbul instrument in package npmtest_gifencoder */","/*jslint","    bitwise: true,","    browser: true,","    maxerr: 8,","    maxlen: 96,","    node: true,","    nomen: true,","    regexp: true,","    stupid: true","*/","(function () {","    'use strict';","    var local;","","","","    // run shared js-env code - init-before","    (function () {","        // init local","        local = {};","        // init modeJs","        local.modeJs = (function () {","            try {","                return typeof navigator.userAgent === 'string' &&","                    typeof document.querySelector('body') === 'object' &&","                    typeof XMLHttpRequest.prototype.open === 'function' &&","                    'browser';","            } catch (errorCaughtBrowser) {","                return module.exports &&","                    typeof process.versions.node === 'string' &&","                    typeof require('http').createServer === 'function' &&","                    'node';","            }","        }());","        // init global","        local.global = local.modeJs === 'browser'","            ? window","            : global;","        // init utility2_rollup","        local = local.global.utility2_rollup || (local.modeJs === 'browser'","            ? local.global.utility2_npmtest_gifencoder","            : global.utility2_moduleExports);","        // export local","        local.global.local = local;","    }());","    switch (local.modeJs) {","","","","    // init-after","    // run browser js-env code - init-after","    /* istanbul ignore next */","    case 'browser':","        local.testRunBrowser = function (event) {","            if (!event || (event &&","                    event.currentTarget &&","                    event.currentTarget.className &&","                    event.currentTarget.className.includes &&","                    event.currentTarget.className.includes('onreset'))) {","                // reset output","                Array.from(","                    document.querySelectorAll('body > .resettable')","                ).forEach(function (element) {","                    switch (element.tagName) {","                    case 'INPUT':","                    case 'TEXTAREA':","                        element.value = '';","                        break;","                    default:","                        element.textContent = '';","                    }","                });","            }","            switch (event && event.currentTarget && event.currentTarget.id) {","            case 'testRunButton1':","                // show tests","                if (document.querySelector('#testReportDiv1').style.display === 'none') {","                    document.querySelector('#testReportDiv1').style.display = 'block';","                    document.querySelector('#testRunButton1').textContent =","                        'hide internal test';","                    local.modeTest = true;","                    local.testRunDefault(local);","                // hide tests","                } else {","                    document.querySelector('#testReportDiv1').style.display = 'none';","                    document.querySelector('#testRunButton1').textContent = 'run internal test';","                }","                break;","            // custom-case","            default:","                break;","            }","            if (document.querySelector('#inputTextareaEval1') && (!event || (event &&","                    event.currentTarget &&","                    event.currentTarget.className &&","                    event.currentTarget.className.includes &&","                    event.currentTarget.className.includes('oneval')))) {","                // try to eval input-code","                try {","                    /*jslint evil: true*/","                    eval(document.querySelector('#inputTextareaEval1').value);","                } catch (errorCaught) {","                    console.error(errorCaught);","                }","            }","        };","        // log stderr and stdout to #outputTextareaStdout1","        ['error', 'log'].forEach(function (key) {","            console[key + '_original'] = console[key];","            console[key] = function () {","                var element;","                console[key + '_original'].apply(console, arguments);","                element = document.querySelector('#outputTextareaStdout1');","                if (!element) {","                    return;","                }","                // append text to #outputTextareaStdout1","                element.value += Array.from(arguments).map(function (arg) {","                    return typeof arg === 'string'","                        ? arg","                        : JSON.stringify(arg, null, 4);","                }).join(' ') + '\\n';","                // scroll textarea to bottom","                element.scrollTop = element.scrollHeight;","            };","        });","        // init event-handling","        ['change', 'click', 'keyup'].forEach(function (event) {","            Array.from(document.querySelectorAll('.on' + event)).forEach(function (element) {","                element.addEventListener(event, local.testRunBrowser);","            });","        });","        // run tests","        local.testRunBrowser();","        break;","","","","    // run node js-env code - init-after","    /* istanbul ignore next */","    case 'node':","        // export local","        module.exports = local;","        // require modules","        local.fs = require('fs');","        local.http = require('http');","        local.url = require('url');","        // init assets","        local.assetsDict = local.assetsDict || {};","        /* jslint-ignore-begin */","        local.assetsDict['/assets.index.template.html'] = '\\","<!doctype html>\\n\\","<html lang=\"en\">\\n\\","<head>\\n\\","<meta charset=\"UTF-8\">\\n\\","<meta name=\"viewport\" content=\"width=device-width, initial-scale=1\">\\n\\","<title>{{env.npm_package_name}} (v{{env.npm_package_version}})</title>\\n\\","<style>\\n\\","/*csslint\\n\\","    box-sizing: false,\\n\\","    universal-selector: false\\n\\","*/\\n\\","* {\\n\\","    box-sizing: border-box;\\n\\","}\\n\\","body {\\n\\","    background: #dde;\\n\\","    font-family: Arial, Helvetica, sans-serif;\\n\\","    margin: 2rem;\\n\\","}\\n\\","body > * {\\n\\","    margin-bottom: 1rem;\\n\\","}\\n\\",".utility2FooterDiv {\\n\\","    margin-top: 20px;\\n\\","    text-align: center;\\n\\","}\\n\\","</style>\\n\\","<style>\\n\\","/*csslint\\n\\","*/\\n\\","textarea {\\n\\","    font-family: monospace;\\n\\","    height: 10rem;\\n\\","    width: 100%;\\n\\","}\\n\\","textarea[readonly] {\\n\\","    background: #ddd;\\n\\","}\\n\\","</style>\\n\\","</head>\\n\\","<body>\\n\\","<!-- utility2-comment\\n\\","<div id=\"ajaxProgressDiv1\" style=\"background: #d00; height: 2px; left: 0; margin: 0; padding: 0; position: fixed; top: 0; transition: background 0.5s, width 1.5s; width: 25%;\"></div>\\n\\","utility2-comment -->\\n\\","<h1>\\n\\","<!-- utility2-comment\\n\\","    <a\\n\\","        {{#if env.npm_package_homepage}}\\n\\","        href=\"{{env.npm_package_homepage}}\"\\n\\","        {{/if env.npm_package_homepage}}\\n\\","        target=\"_blank\"\\n\\","    >\\n\\","utility2-comment -->\\n\\","        {{env.npm_package_name}} (v{{env.npm_package_version}})\\n\\","<!-- utility2-comment\\n\\","    </a>\\n\\","utility2-comment -->\\n\\","</h1>\\n\\","<h3>{{env.npm_package_description}}</h3>\\n\\","<!-- utility2-comment\\n\\","<h4><a download href=\"assets.app.js\">download standalone app</a></h4>\\n\\","<button class=\"onclick onreset\" id=\"testRunButton1\">run internal test</button><br>\\n\\","<div id=\"testReportDiv1\" style=\"display: none;\"></div>\\n\\","utility2-comment -->\\n\\","\\n\\","\\n\\","\\n\\","<label>stderr and stdout</label>\\n\\","<textarea class=\"resettable\" id=\"outputTextareaStdout1\" readonly></textarea>\\n\\","<!-- utility2-comment\\n\\","{{#if isRollup}}\\n\\","<script src=\"assets.app.js\"></script>\\n\\","{{#unless isRollup}}\\n\\","utility2-comment -->\\n\\","<script src=\"assets.utility2.rollup.js\"></script>\\n\\","<script src=\"jsonp.utility2._stateInit?callback=window.utility2._stateInit\"></script>\\n\\","<script src=\"assets.npmtest_gifencoder.rollup.js\"></script>\\n\\","<script src=\"assets.example.js\"></script>\\n\\","<script src=\"assets.test.js\"></script>\\n\\","<!-- utility2-comment\\n\\","{{/if isRollup}}\\n\\","utility2-comment -->\\n\\","<div class=\"utility2FooterDiv\">\\n\\","    [ this app was created with\\n\\","    <a href=\"https://github.com/kaizhu256/node-utility2\" target=\"_blank\">utility2</a>\\n\\","    ]\\n\\","</div>\\n\\","</body>\\n\\","</html>\\n\\","';","        /* jslint-ignore-end */","        if (local.templateRender) {","            local.assetsDict['/'] = local.templateRender(","                local.assetsDict['/assets.index.template.html'],","                {","                    env: local.objectSetDefault(local.env, {","                        npm_package_description: 'the greatest app in the world!',","                        npm_package_name: 'my-app',","                        npm_package_nameAlias: 'my_app',","                        npm_package_version: '0.0.1'","                    })","                }","            );","        } else {","            local.assetsDict['/'] = local.assetsDict['/assets.index.template.html']","                .replace((/\\{\\{env\\.(\\w+?)\\}\\}/g), function (match0, match1) {","                    // jslint-hack","                    String(match0);","                    switch (match1) {","                    case 'npm_package_description':","                        return 'the greatest app in the world!';","                    case 'npm_package_name':","                        return 'my-app';","                    case 'npm_package_nameAlias':","                        return 'my_app';","                    case 'npm_package_version':","                        return '0.0.1';","                    }","                });","        }","        // run the cli","        if (local.global.utility2_rollup || module !== require.main) {","            break;","        }","        local.assetsDict['/assets.example.js'] =","            local.assetsDict['/assets.example.js'] ||","            local.fs.readFileSync(__filename, 'utf8');","        // bug-workaround - long $npm_package_buildCustomOrg","        /* jslint-ignore-begin */","        local.assetsDict['/assets.npmtest_gifencoder.rollup.js'] =","            local.assetsDict['/assets.npmtest_gifencoder.rollup.js'] ||","            local.fs.readFileSync(","                local.npmtest_gifencoder.__dirname + '/lib.npmtest_gifencoder.js',","                'utf8'","            ).replace((/^#!/), '//');","        /* jslint-ignore-end */","        local.assetsDict['/favicon.ico'] = local.assetsDict['/favicon.ico'] || '';","        // if $npm_config_timeout_exit exists,","        // then exit this process after $npm_config_timeout_exit ms","        if (Number(process.env.npm_config_timeout_exit)) {","            setTimeout(process.exit, Number(process.env.npm_config_timeout_exit));","        }","        // start server","        if (local.global.utility2_serverHttp1) {","            break;","        }","        process.env.PORT = process.env.PORT || '8081';","        console.error('server starting on port ' + process.env.PORT);","        local.http.createServer(function (request, response) {","            request.urlParsed = local.url.parse(request.url);","            if (local.assetsDict[request.urlParsed.pathname] !== undefined) {","                response.end(local.assetsDict[request.urlParsed.pathname]);","                return;","            }","            response.statusCode = 404;","            response.end();","        }).listen(process.env.PORT);","        break;","    }","}());",""],"l":{"26":2,"28":2,"33":2,"35":2,"37":2,"38":2,"39":2,"44":1,"51":2,"55":2,"59":2,"61":2,"69":1,"70":2,"76":2,"79":2,"82":2,"83":2,"85":1,"89":2,"92":1,"93":1,"94":1,"96":1,"97":1,"100":1,"101":1,"103":1,"106":1,"108":2,"114":1,"116":1,"118":1,"123":1,"124":2,"125":2,"126":3,"127":3,"128":3,"129":3,"130":1,"133":3,"134":3,"139":3,"143":1,"144":3,"145":1,"149":1,"150":1,"158":1,"160":1,"161":1,"162":1,"164":1,"166":1,"258":1,"259":1,"271":1,"274":6,"275":6,"277":1,"279":2,"281":1,"283":2,"288":1,"289":1,"291":1,"296":1,"303":1,"306":1,"307":1,"310":1,"311":1,"313":1,"314":1,"315":1,"316":1,"317":1,"318":1,"319":1,"321":1,"322":1,"324":1}},"/home/travis/build/npmtest/node-npmtest-gifencoder/node_modules/gifencoder/index.js":{"path":"/home/travis/build/npmtest/node-npmtest-gifencoder/node_modules/gifencoder/index.js","s":{"1":1},"b":{},"f":{},"fnMap":{},"statementMap":{"1":{"start":{"line":1,"column":0},"end":{"line":1,"column":45}}},"branchMap":{},"code":["module.exports = require('./lib/GIFEncoder');",""],"l":{"1":1}},"/home/travis/build/npmtest/node-npmtest-gifencoder/node_modules/gifencoder/lib/GIFEncoder.js":{"path":"/home/travis/build/npmtest/node-npmtest-gifencoder/node_modules/gifencoder/lib/GIFEncoder.js","s":{"1":1,"2":1,"3":1,"4":1,"5":0,"6":1,"7":0,"8":1,"9":0,"10":1,"11":0,"12":0,"13":1,"14":0,"15":0,"16":1,"17":0,"18":0,"19":0,"20":0,"21":0,"22":0,"23":0,"24":0,"25":0,"26":0,"27":0,"28":0,"29":0,"30":0,"31":0,"32":0,"33":0,"34":0,"35":0,"36":1,"37":0,"38":0,"39":0,"40":0,"41":0,"42":1,"43":0,"44":0,"45":0,"46":0,"47":0,"48":0,"49":0,"50":0,"51":0,"52":0,"53":0,"54":0,"55":0,"56":0,"57":0,"58":0,"59":0,"60":0,"61":0,"62":0,"63":1,"64":0,"65":0,"66":0,"67":0,"68":0,"69":0,"70":0,"71":1,"72":0,"73":0,"74":0,"75":0,"76":0,"77":0,"78":1,"79":0,"80":1,"81":0,"82":1,"83":0,"84":0,"85":1,"86":0,"87":1,"88":0,"89":1,"90":0,"91":0,"92":0,"93":0,"94":0,"95":0,"96":0,"97":0,"98":0,"99":0,"100":0,"101":0,"102":0,"103":0,"104":0,"105":0,"106":0,"107":1,"108":0,"109":0,"110":1,"111":0,"112":0,"113":0,"114":1,"115":0,"116":0,"117":0,"118":1,"119":0,"120":0,"121":0,"122":0,"123":0,"124":0,"125":0,"126":0,"127":0,"128":0,"129":0,"130":0,"131":0,"132":0,"133":0,"134":0,"135":1,"136":0,"137":0,"138":0,"139":0,"140":0,"141":0,"142":0,"143":0,"144":0,"145":0,"146":0,"147":0,"148":0,"149":0,"150":0,"151":0,"152":0,"153":0,"154":0,"155":1,"156":0,"157":0,"158":0,"159":0,"160":0,"161":0,"162":0,"163":0,"164":0,"165":0,"166":0,"167":1,"168":0,"169":0,"170":0,"171":0,"172":0,"173":0,"174":0,"175":0,"176":0,"177":0,"178":0,"179":0,"180":0,"181":0,"182":0,"183":0,"184":1,"185":0,"186":0,"187":0,"188":0,"189":0,"190":0,"191":0,"192":0,"193":1,"194":0,"195":0,"196":0,"197":0,"198":0,"199":1,"200":0,"201":0,"202":0,"203":0,"204":0,"205":0,"206":0,"207":0,"208":1,"209":0,"210":0,"211":0,"212":0,"213":1,"214":0,"215":0,"216":1,"217":0,"218":0,"219":1},"b":{"1":[0,0],"2":[0,0],"3":[0,0],"4":[0,0],"5":[0,0],"6":[0,0],"7":[0,0],"8":[0,0],"9":[0,0],"10":[0,0],"11":[0,0],"12":[0,0],"13":[0,0],"14":[0,0],"15":[0,0],"16":[0,0],"17":[0,0],"18":[0,0],"19":[0,0],"20":[0,0],"21":[0,0]},"f":{"1":0,"2":0,"3":0,"4":0,"5":0,"6":0,"7":0,"8":0,"9":0,"10":0,"11":0,"12":0,"13":0,"14":0,"15":0,"16":0,"17":0,"18":0,"19":0,"20":0,"21":0,"22":0,"23":0,"24":0,"25":0,"26":0,"27":0,"28":0,"29":0,"30":0,"31":0,"32":0,"33":0,"34":0,"35":0,"36":0},"fnMap":{"1":{"name":"ByteArray","line":15,"loc":{"start":{"line":15,"column":0},"end":{"line":15,"column":21}}},"2":{"name":"(anonymous_2)","line":19,"loc":{"start":{"line":19,"column":30},"end":{"line":19,"column":41}}},"3":{"name":"(anonymous_3)","line":23,"loc":{"start":{"line":23,"column":32},"end":{"line":23,"column":46}}},"4":{"name":"(anonymous_4)","line":27,"loc":{"start":{"line":27,"column":36},"end":{"line":27,"column":53}}},"5":{"name":"(anonymous_5)","line":32,"loc":{"start":{"line":32,"column":33},"end":{"line":32,"column":65}}},"6":{"name":"GIFEncoder","line":37,"loc":{"start":{"line":37,"column":0},"end":{"line":37,"column":35}}},"7":{"name":"(anonymous_7)","line":72,"loc":{"start":{"line":72,"column":40},"end":{"line":72,"column":54}}},"8":{"name":"(anonymous_8)","line":75,"loc":{"start":{"line":75,"column":15},"end":{"line":75,"column":27}}},"9":{"name":"(anonymous_9)","line":81,"loc":{"start":{"line":81,"column":41},"end":{"line":81,"column":60}}},"10":{"name":"(anonymous_10)","line":84,"loc":{"start":{"line":84,"column":33},"end":{"line":84,"column":51}}},"11":{"name":"(anonymous_11)","line":94,"loc":{"start":{"line":94,"column":13},"end":{"line":94,"column":25}}},"12":{"name":"(anonymous_12)","line":98,"loc":{"start":{"line":98,"column":14},"end":{"line":98,"column":41}}},"13":{"name":"(anonymous_13)","line":104,"loc":{"start":{"line":104,"column":11},"end":{"line":104,"column":23}}},"14":{"name":"(anonymous_14)","line":111,"loc":{"start":{"line":111,"column":28},"end":{"line":111,"column":39}}},"15":{"name":"(anonymous_15)","line":115,"loc":{"start":{"line":115,"column":29},"end":{"line":115,"column":43}}},"16":{"name":"(anonymous_16)","line":122,"loc":{"start":{"line":122,"column":27},"end":{"line":122,"column":38}}},"17":{"name":"(anonymous_17)","line":125,"loc":{"start":{"line":125,"column":27},"end":{"line":125,"column":41}}},"18":{"name":"(anonymous_18)","line":135,"loc":{"start":{"line":135,"column":32},"end":{"line":135,"column":55}}},"19":{"name":"(anonymous_19)","line":142,"loc":{"start":{"line":142,"column":36},"end":{"line":142,"column":50}}},"20":{"name":"(anonymous_20)","line":152,"loc":{"start":{"line":152,"column":34},"end":{"line":152,"column":57}}},"21":{"name":"(anonymous_21)","line":167,"loc":{"start":{"line":167,"column":33},"end":{"line":167,"column":50}}},"22":{"name":"(anonymous_22)","line":178,"loc":{"start":{"line":178,"column":38},"end":{"line":178,"column":54}}},"23":{"name":"(anonymous_23)","line":187,"loc":{"start":{"line":187,"column":32},"end":{"line":187,"column":52}}},"24":{"name":"(anonymous_24)","line":220,"loc":{"start":{"line":220,"column":30},"end":{"line":220,"column":41}}},"25":{"name":"(anonymous_25)","line":232,"loc":{"start":{"line":232,"column":34},"end":{"line":232,"column":52}}},"26":{"name":"(anonymous_26)","line":240,"loc":{"start":{"line":240,"column":29},"end":{"line":240,"column":40}}},"27":{"name":"(anonymous_27)","line":249,"loc":{"start":{"line":249,"column":37},"end":{"line":249,"column":48}}},"28":{"name":"(anonymous_28)","line":284,"loc":{"start":{"line":284,"column":35},"end":{"line":284,"column":47}}},"29":{"name":"(anonymous_29)","line":314,"loc":{"start":{"line":314,"column":38},"end":{"line":314,"column":49}}},"30":{"name":"(anonymous_30)","line":335,"loc":{"start":{"line":335,"column":43},"end":{"line":335,"column":54}}},"31":{"name":"(anonymous_31)","line":370,"loc":{"start":{"line":370,"column":38},"end":{"line":370,"column":49}}},"32":{"name":"(anonymous_32)","line":396,"loc":{"start":{"line":396,"column":32},"end":{"line":396,"column":43}}},"33":{"name":"(anonymous_33)","line":416,"loc":{"start":{"line":416,"column":40},"end":{"line":416,"column":51}}},"34":{"name":"(anonymous_34)","line":430,"loc":{"start":{"line":430,"column":36},"end":{"line":430,"column":47}}},"35":{"name":"(anonymous_35)","line":437,"loc":{"start":{"line":437,"column":34},"end":{"line":437,"column":51}}},"36":{"name":"(anonymous_36)","line":445,"loc":{"start":{"line":445,"column":35},"end":{"line":445,"column":46}}}},"statementMap":{"1":{"start":{"line":11,"column":0},"end":{"line":11,"column":31}},"2":{"start":{"line":12,"column":0},"end":{"line":12,"column":45}},"3":{"start":{"line":13,"column":0},"end":{"line":13,"column":44}},"4":{"start":{"line":15,"column":0},"end":{"line":17,"column":1}},"5":{"start":{"line":16,"column":2},"end":{"line":16,"column":17}},"6":{"start":{"line":19,"column":0},"end":{"line":21,"column":2}},"7":{"start":{"line":20,"column":2},"end":{"line":20,"column":31}},"8":{"start":{"line":23,"column":0},"end":{"line":25,"column":2}},"9":{"start":{"line":24,"column":2},"end":{"line":24,"column":22}},"10":{"start":{"line":27,"column":0},"end":{"line":30,"column":2}},"11":{"start":{"line":28,"column":2},"end":{"line":29,"column":41}},"12":{"start":{"line":29,"column":4},"end":{"line":29,"column":41}},"13":{"start":{"line":32,"column":0},"end":{"line":35,"column":2}},"14":{"start":{"line":33,"column":2},"end":{"line":34,"column":29}},"15":{"start":{"line":34,"column":4},"end":{"line":34,"column":29}},"16":{"start":{"line":37,"column":0},"end":{"line":70,"column":1}},"17":{"start":{"line":39,"column":2},"end":{"line":39,"column":23}},"18":{"start":{"line":40,"column":2},"end":{"line":40,"column":25}},"19":{"start":{"line":43,"column":2},"end":{"line":43,"column":26}},"20":{"start":{"line":46,"column":2},"end":{"line":46,"column":22}},"21":{"start":{"line":49,"column":2},"end":{"line":49,"column":19}},"22":{"start":{"line":52,"column":2},"end":{"line":52,"column":17}},"23":{"start":{"line":54,"column":2},"end":{"line":54,"column":20}},"24":{"start":{"line":55,"column":2},"end":{"line":55,"column":21}},"25":{"start":{"line":56,"column":2},"end":{"line":56,"column":28}},"26":{"start":{"line":57,"column":2},"end":{"line":57,"column":25}},"27":{"start":{"line":58,"column":2},"end":{"line":58,"column":23}},"28":{"start":{"line":59,"column":2},"end":{"line":59,"column":31}},"29":{"start":{"line":60,"column":2},"end":{"line":60,"column":19}},"30":{"start":{"line":61,"column":2},"end":{"line":61,"column":20}},"31":{"start":{"line":62,"column":2},"end":{"line":62,"column":25}},"32":{"start":{"line":63,"column":2},"end":{"line":63,"column":19}},"33":{"start":{"line":65,"column":2},"end":{"line":65,"column":23}},"34":{"start":{"line":67,"column":2},"end":{"line":67,"column":24}},"35":{"start":{"line":69,"column":2},"end":{"line":69,"column":29}},"36":{"start":{"line":72,"column":0},"end":{"line":79,"column":2}},"37":{"start":{"line":73,"column":2},"end":{"line":76,"column":3}},"38":{"start":{"line":74,"column":4},"end":{"line":74,"column":31}},"39":{"start":{"line":75,"column":4},"end":{"line":75,"column":30}},"40":{"start":{"line":77,"column":2},"end":{"line":77,"column":28}},"41":{"start":{"line":78,"column":2},"end":{"line":78,"column":12}},"42":{"start":{"line":81,"column":0},"end":{"line":109,"column":2}},"43":{"start":{"line":82,"column":2},"end":{"line":82,"column":18}},"44":{"start":{"line":83,"column":2},"end":{"line":91,"column":3}},"45":{"start":{"line":84,"column":4},"end":{"line":90,"column":7}},"46":{"start":{"line":85,"column":6},"end":{"line":85,"column":66}},"47":{"start":{"line":86,"column":6},"end":{"line":89,"column":7}},"48":{"start":{"line":88,"column":8},"end":{"line":88,"column":45}},"49":{"start":{"line":93,"column":2},"end":{"line":93,"column":51}},"50":{"start":{"line":94,"column":2},"end":{"line":94,"column":28}},"51":{"start":{"line":95,"column":2},"end":{"line":95,"column":28}},"52":{"start":{"line":97,"column":2},"end":{"line":97,"column":18}},"53":{"start":{"line":98,"column":2},"end":{"line":102,"column":4}},"54":{"start":{"line":99,"column":4},"end":{"line":99,"column":36}},"55":{"start":{"line":99,"column":23},"end":{"line":99,"column":36}},"56":{"start":{"line":100,"column":4},"end":{"line":100,"column":24}},"57":{"start":{"line":101,"column":4},"end":{"line":101,"column":11}},"58":{"start":{"line":103,"column":2},"end":{"line":103,"column":19}},"59":{"start":{"line":104,"column":2},"end":{"line":107,"column":4}},"60":{"start":{"line":105,"column":4},"end":{"line":105,"column":44}},"61":{"start":{"line":106,"column":4},"end":{"line":106,"column":18}},"62":{"start":{"line":108,"column":2},"end":{"line":108,"column":12}},"63":{"start":{"line":111,"column":0},"end":{"line":120,"column":2}},"64":{"start":{"line":112,"column":2},"end":{"line":112,"column":18}},"65":{"start":{"line":113,"column":2},"end":{"line":113,"column":44}},"66":{"start":{"line":113,"column":37},"end":{"line":113,"column":44}},"67":{"start":{"line":114,"column":2},"end":{"line":119,"column":3}},"68":{"start":{"line":115,"column":4},"end":{"line":117,"column":7}},"69":{"start":{"line":116,"column":6},"end":{"line":116,"column":41}},"70":{"start":{"line":118,"column":4},"end":{"line":118,"column":23}},"71":{"start":{"line":122,"column":0},"end":{"line":129,"column":2}},"72":{"start":{"line":123,"column":2},"end":{"line":123,"column":47}},"73":{"start":{"line":123,"column":40},"end":{"line":123,"column":47}},"74":{"start":{"line":124,"column":2},"end":{"line":124,"column":14}},"75":{"start":{"line":125,"column":2},"end":{"line":127,"column":5}},"76":{"start":{"line":126,"column":4},"end":{"line":126,"column":18}},"77":{"start":{"line":128,"column":2},"end":{"line":128,"column":24}},"78":{"start":{"line":135,"column":0},"end":{"line":137,"column":2}},"79":{"start":{"line":136,"column":2},"end":{"line":136,"column":45}},"80":{"start":{"line":142,"column":0},"end":{"line":144,"column":2}},"81":{"start":{"line":143,"column":2},"end":{"line":143,"column":37}},"82":{"start":{"line":152,"column":0},"end":{"line":154,"column":2}},"83":{"start":{"line":153,"column":2},"end":{"line":153,"column":53}},"84":{"start":{"line":153,"column":25},"end":{"line":153,"column":53}},"85":{"start":{"line":167,"column":0},"end":{"line":169,"column":2}},"86":{"start":{"line":168,"column":2},"end":{"line":168,"column":23}},"87":{"start":{"line":178,"column":0},"end":{"line":180,"column":2}},"88":{"start":{"line":179,"column":2},"end":{"line":179,"column":27}},"89":{"start":{"line":187,"column":0},"end":{"line":214,"column":2}},"90":{"start":{"line":189,"column":2},"end":{"line":193,"column":3}},"91":{"start":{"line":190,"column":4},"end":{"line":190,"column":76}},"92":{"start":{"line":192,"column":4},"end":{"line":192,"column":27}},"93":{"start":{"line":195,"column":2},"end":{"line":195,"column":24}},"94":{"start":{"line":196,"column":2},"end":{"line":196,"column":23}},"95":{"start":{"line":198,"column":2},"end":{"line":205,"column":3}},"96":{"start":{"line":199,"column":4},"end":{"line":199,"column":20}},"97":{"start":{"line":200,"column":4},"end":{"line":200,"column":24}},"98":{"start":{"line":201,"column":4},"end":{"line":204,"column":5}},"99":{"start":{"line":203,"column":6},"end":{"line":203,"column":30}},"100":{"start":{"line":207,"column":2},"end":{"line":207,"column":29}},"101":{"start":{"line":208,"column":2},"end":{"line":208,"column":24}},"102":{"start":{"line":209,"column":2},"end":{"line":209,"column":44}},"103":{"start":{"line":209,"column":24},"end":{"line":209,"column":44}},"104":{"start":{"line":210,"column":2},"end":{"line":210,"column":21}},"105":{"start":{"line":212,"column":2},"end":{"line":212,"column":26}},"106":{"start":{"line":213,"column":2},"end":{"line":213,"column":14}},"107":{"start":{"line":220,"column":0},"end":{"line":223,"column":2}},"108":{"start":{"line":221,"column":2},"end":{"line":221,"column":27}},"109":{"start":{"line":222,"column":2},"end":{"line":222,"column":13}},"110":{"start":{"line":232,"column":0},"end":{"line":235,"column":2}},"111":{"start":{"line":233,"column":2},"end":{"line":233,"column":31}},"112":{"start":{"line":233,"column":19},"end":{"line":233,"column":31}},"113":{"start":{"line":234,"column":2},"end":{"line":234,"column":24}},"114":{"start":{"line":240,"column":0},"end":{"line":244,"column":2}},"115":{"start":{"line":241,"column":2},"end":{"line":241,"column":35}},"116":{"start":{"line":242,"column":2},"end":{"line":242,"column":22}},"117":{"start":{"line":243,"column":2},"end":{"line":243,"column":14}},"118":{"start":{"line":249,"column":0},"end":{"line":279,"column":2}},"119":{"start":{"line":250,"column":2},"end":{"line":250,"column":31}},"120":{"start":{"line":251,"column":2},"end":{"line":251,"column":21}},"121":{"start":{"line":253,"column":2},"end":{"line":253,"column":44}},"122":{"start":{"line":255,"column":2},"end":{"line":255,"column":52}},"123":{"start":{"line":256,"column":2},"end":{"line":256,"column":23}},"124":{"start":{"line":257,"column":2},"end":{"line":257,"column":37}},"125":{"start":{"line":260,"column":2},"end":{"line":260,"column":12}},"126":{"start":{"line":261,"column":2},"end":{"line":269,"column":3}},"127":{"start":{"line":262,"column":4},"end":{"line":266,"column":6}},"128":{"start":{"line":267,"column":4},"end":{"line":267,"column":33}},"129":{"start":{"line":268,"column":4},"end":{"line":268,"column":34}},"130":{"start":{"line":271,"column":2},"end":{"line":271,"column":21}},"131":{"start":{"line":272,"column":2},"end":{"line":272,"column":22}},"132":{"start":{"line":273,"column":2},"end":{"line":273,"column":19}},"133":{"start":{"line":276,"column":2},"end":{"line":278,"column":3}},"134":{"start":{"line":277,"column":4},"end":{"line":277,"column":57}},"135":{"start":{"line":284,"column":0},"end":{"line":308,"column":2}},"136":{"start":{"line":285,"column":2},"end":{"line":285,"column":40}},"137":{"start":{"line":285,"column":30},"end":{"line":285,"column":40}},"138":{"start":{"line":287,"column":2},"end":{"line":287,"column":31}},"139":{"start":{"line":288,"column":2},"end":{"line":288,"column":30}},"140":{"start":{"line":289,"column":2},"end":{"line":289,"column":25}},"141":{"start":{"line":290,"column":2},"end":{"line":290,"column":17}},"142":{"start":{"line":291,"column":2},"end":{"line":291,"column":29}},"143":{"start":{"line":292,"column":2},"end":{"line":292,"column":33}},"144":{"start":{"line":294,"column":2},"end":{"line":305,"column":3}},"145":{"start":{"line":295,"column":4},"end":{"line":295,"column":45}},"146":{"start":{"line":296,"column":4},"end":{"line":296,"column":45}},"147":{"start":{"line":297,"column":4},"end":{"line":297,"column":43}},"148":{"start":{"line":298,"column":4},"end":{"line":298,"column":40}},"149":{"start":{"line":299,"column":4},"end":{"line":299,"column":22}},"150":{"start":{"line":300,"column":4},"end":{"line":303,"column":5}},"151":{"start":{"line":301,"column":6},"end":{"line":301,"column":15}},"152":{"start":{"line":302,"column":6},"end":{"line":302,"column":21}},"153":{"start":{"line":304,"column":4},"end":{"line":304,"column":8}},"154":{"start":{"line":307,"column":2},"end":{"line":307,"column":16}},"155":{"start":{"line":314,"column":0},"end":{"line":330,"column":2}},"156":{"start":{"line":315,"column":2},"end":{"line":315,"column":21}},"157":{"start":{"line":316,"column":2},"end":{"line":316,"column":22}},"158":{"start":{"line":317,"column":2},"end":{"line":317,"column":42}},"159":{"start":{"line":319,"column":2},"end":{"line":319,"column":24}},"160":{"start":{"line":320,"column":2},"end":{"line":320,"column":16}},"161":{"start":{"line":322,"column":2},"end":{"line":329,"column":3}},"162":{"start":{"line":323,"column":4},"end":{"line":328,"column":5}},"163":{"start":{"line":324,"column":6},"end":{"line":324,"column":34}},"164":{"start":{"line":325,"column":6},"end":{"line":325,"column":37}},"165":{"start":{"line":326,"column":6},"end":{"line":326,"column":39}},"166":{"start":{"line":327,"column":6},"end":{"line":327,"column":39}},"167":{"start":{"line":335,"column":0},"end":{"line":365,"column":2}},"168":{"start":{"line":336,"column":2},"end":{"line":336,"column":27}},"169":{"start":{"line":337,"column":2},"end":{"line":337,"column":27}},"170":{"start":{"line":338,"column":2},"end":{"line":338,"column":24}},"171":{"start":{"line":340,"column":2},"end":{"line":340,"column":19}},"172":{"start":{"line":341,"column":2},"end":{"line":347,"column":3}},"173":{"start":{"line":342,"column":4},"end":{"line":342,"column":15}},"174":{"start":{"line":343,"column":4},"end":{"line":343,"column":13}},"175":{"start":{"line":345,"column":4},"end":{"line":345,"column":15}},"176":{"start":{"line":346,"column":4},"end":{"line":346,"column":13}},"177":{"start":{"line":349,"column":2},"end":{"line":351,"column":3}},"178":{"start":{"line":350,"column":4},"end":{"line":350,"column":28}},"179":{"start":{"line":352,"column":2},"end":{"line":352,"column":13}},"180":{"start":{"line":355,"column":2},"end":{"line":360,"column":4}},"181":{"start":{"line":362,"column":2},"end":{"line":362,"column":30}},"182":{"start":{"line":363,"column":2},"end":{"line":363,"column":38}},"183":{"start":{"line":364,"column":2},"end":{"line":364,"column":24}},"184":{"start":{"line":370,"column":0},"end":{"line":391,"column":2}},"185":{"start":{"line":371,"column":2},"end":{"line":371,"column":27}},"186":{"start":{"line":372,"column":2},"end":{"line":372,"column":21}},"187":{"start":{"line":373,"column":2},"end":{"line":373,"column":21}},"188":{"start":{"line":374,"column":2},"end":{"line":374,"column":30}},"189":{"start":{"line":375,"column":2},"end":{"line":375,"column":31}},"190":{"start":{"line":378,"column":2},"end":{"line":390,"column":3}},"191":{"start":{"line":380,"column":4},"end":{"line":380,"column":26}},"192":{"start":{"line":383,"column":4},"end":{"line":389,"column":6}},"193":{"start":{"line":396,"column":0},"end":{"line":411,"column":2}},"194":{"start":{"line":398,"column":2},"end":{"line":398,"column":30}},"195":{"start":{"line":399,"column":2},"end":{"line":399,"column":31}},"196":{"start":{"line":402,"column":2},"end":{"line":407,"column":4}},"197":{"start":{"line":409,"column":2},"end":{"line":409,"column":24}},"198":{"start":{"line":410,"column":2},"end":{"line":410,"column":24}},"199":{"start":{"line":416,"column":0},"end":{"line":425,"column":2}},"200":{"start":{"line":417,"column":2},"end":{"line":417,"column":27}},"201":{"start":{"line":418,"column":2},"end":{"line":418,"column":27}},"202":{"start":{"line":419,"column":2},"end":{"line":419,"column":25}},"203":{"start":{"line":420,"column":2},"end":{"line":420,"column":40}},"204":{"start":{"line":421,"column":2},"end":{"line":421,"column":24}},"205":{"start":{"line":422,"column":2},"end":{"line":422,"column":24}},"206":{"start":{"line":423,"column":2},"end":{"line":423,"column":31}},"207":{"start":{"line":424,"column":2},"end":{"line":424,"column":24}},"208":{"start":{"line":430,"column":0},"end":{"line":435,"column":2}},"209":{"start":{"line":431,"column":2},"end":{"line":431,"column":37}},"210":{"start":{"line":432,"column":2},"end":{"line":432,"column":43}},"211":{"start":{"line":433,"column":2},"end":{"line":434,"column":26}},"212":{"start":{"line":434,"column":4},"end":{"line":434,"column":26}},"213":{"start":{"line":437,"column":0},"end":{"line":440,"column":2}},"214":{"start":{"line":438,"column":2},"end":{"line":438,"column":36}},"215":{"start":{"line":439,"column":2},"end":{"line":439,"column":43}},"216":{"start":{"line":445,"column":0},"end":{"line":448,"column":2}},"217":{"start":{"line":446,"column":2},"end":{"line":446,"column":89}},"218":{"start":{"line":447,"column":2},"end":{"line":447,"column":23}},"219":{"start":{"line":450,"column":0},"end":{"line":450,"column":28}}},"branchMap":{"1":{"line":73,"type":"if","locations":[{"start":{"line":73,"column":2},"end":{"line":73,"column":2}},{"start":{"line":73,"column":2},"end":{"line":73,"column":2}}]},"2":{"line":83,"type":"if","locations":[{"start":{"line":83,"column":2},"end":{"line":83,"column":2}},{"start":{"line":83,"column":2},"end":{"line":83,"column":2}}]},"3":{"line":86,"type":"if","locations":[{"start":{"line":86,"column":6},"end":{"line":86,"column":6}},{"start":{"line":86,"column":6},"end":{"line":86,"column":6}}]},"4":{"line":99,"type":"if","locations":[{"start":{"line":99,"column":4},"end":{"line":99,"column":4}},{"start":{"line":99,"column":4},"end":{"line":99,"column":4}}]},"5":{"line":113,"type":"if","locations":[{"start":{"line":113,"column":2},"end":{"line":113,"column":2}},{"start":{"line":113,"column":2},"end":{"line":113,"column":2}}]},"6":{"line":114,"type":"if","locations":[{"start":{"line":114,"column":2},"end":{"line":114,"column":2}},{"start":{"line":114,"column":2},"end":{"line":114,"column":2}}]},"7":{"line":123,"type":"if","locations":[{"start":{"line":123,"column":2},"end":{"line":123,"column":2}},{"start":{"line":123,"column":2},"end":{"line":123,"column":2}}]},"8":{"line":153,"type":"if","locations":[{"start":{"line":153,"column":2},"end":{"line":153,"column":2}},{"start":{"line":153,"column":2},"end":{"line":153,"column":2}}]},"9":{"line":189,"type":"if","locations":[{"start":{"line":189,"column":2},"end":{"line":189,"column":2}},{"start":{"line":189,"column":2},"end":{"line":189,"column":2}}]},"10":{"line":189,"type":"binary-expr","locations":[{"start":{"line":189,"column":6},"end":{"line":189,"column":15}},{"start":{"line":189,"column":19},"end":{"line":189,"column":41}}]},"11":{"line":198,"type":"if","locations":[{"start":{"line":198,"column":2},"end":{"line":198,"column":2}},{"start":{"line":198,"column":2},"end":{"line":198,"column":2}}]},"12":{"line":201,"type":"if","locations":[{"start":{"line":201,"column":4},"end":{"line":201,"column":4}},{"start":{"line":201,"column":4},"end":{"line":201,"column":4}}]},"13":{"line":209,"type":"if","locations":[{"start":{"line":209,"column":2},"end":{"line":209,"column":2}},{"start":{"line":209,"column":2},"end":{"line":209,"column":2}}]},"14":{"line":233,"type":"if","locations":[{"start":{"line":233,"column":2},"end":{"line":233,"column":2}},{"start":{"line":233,"column":2},"end":{"line":233,"column":2}}]},"15":{"line":276,"type":"if","locations":[{"start":{"line":276,"column":2},"end":{"line":276,"column":2}},{"start":{"line":276,"column":2},"end":{"line":276,"column":2}}]},"16":{"line":285,"type":"if","locations":[{"start":{"line":285,"column":2},"end":{"line":285,"column":2}},{"start":{"line":285,"column":2},"end":{"line":285,"column":2}}]},"17":{"line":300,"type":"if","locations":[{"start":{"line":300,"column":4},"end":{"line":300,"column":4}},{"start":{"line":300,"column":4},"end":{"line":300,"column":4}}]},"18":{"line":300,"type":"binary-expr","locations":[{"start":{"line":300,"column":8},"end":{"line":300,"column":29}},{"start":{"line":300,"column":34},"end":{"line":300,"column":42}}]},"19":{"line":341,"type":"if","locations":[{"start":{"line":341,"column":2},"end":{"line":341,"column":2}},{"start":{"line":341,"column":2},"end":{"line":341,"column":2}}]},"20":{"line":349,"type":"if","locations":[{"start":{"line":349,"column":2},"end":{"line":349,"column":2}},{"start":{"line":349,"column":2},"end":{"line":349,"column":2}}]},"21":{"line":378,"type":"if","locations":[{"start":{"line":378,"column":2},"end":{"line":378,"column":2}},{"start":{"line":378,"column":2},"end":{"line":378,"column":2}}]}},"code":["/*","  GIFEncoder.js","","  Authors","  Kevin Weiner (original Java version - kweiner@fmsware.com)","  Thibault Imbert (AS3 version - bytearray.org)","  Johan Nordberg (JS version - code@johan-nordberg.com)","  Eugene Ware (node.js streaming version - eugene@noblesmaurai.com)","*/","","var stream = require('stream');","var NeuQuant = require('./TypedNeuQuant.js');","var LZWEncoder = require('./LZWEncoder.js');","","function ByteArray() {","  this.data = [];","}","","ByteArray.prototype.getData = function() {","  return new Buffer(this.data);","};","","ByteArray.prototype.writeByte = function(val) {","  this.data.push(val);","};","","ByteArray.prototype.writeUTFBytes = function(string) {","  for (var l = string.length, i = 0; i < l; i++)","    this.writeByte(string.charCodeAt(i));","};","","ByteArray.prototype.writeBytes = function(array, offset, length) {","  for (var l = length || array.length, i = offset || 0; i < l; i++)","    this.writeByte(array[i]);","};","","function GIFEncoder(width, height) {","  // image size","  this.width = ~~width;","  this.height = ~~height;","","  // transparent color if given","  this.transparent = null;","","  // transparent index in color table","  this.transIndex = 0;","","  // -1 = no repeat, 0 = forever. anything else is repeat count","  this.repeat = -1;","","  // frame delay (hundredths)","  this.delay = 0;","","  this.image = null; // current frame","  this.pixels = null; // BGR byte array from frame","  this.indexedPixels = null; // converted frame indexed to palette","  this.colorDepth = null; // number of bit planes","  this.colorTab = null; // RGB palette","  this.usedEntry = new Array(); // active palette entries","  this.palSize = 7; // color table size (bits-1)","  this.dispose = -1; // disposal code (-1 = use default)","  this.firstFrame = true;","  this.sample = 10; // default sample interval for quantizer","","  this.started = false; // started encoding","","  this.readStreams = [];","","  this.out = new ByteArray();","}","","GIFEncoder.prototype.createReadStream = function (rs) {","  if (!rs) {","    rs = new stream.Readable();","    rs._read = function () {};","  }","  this.readStreams.push(rs);","  return rs;","};","","GIFEncoder.prototype.createWriteStream = function (options) {","  var self = this;","  if (options) {","    Object.keys(options).forEach(function (option) {","      var fn = 'set' + option[0].toUpperCase() + option.substr(1);","      if (~['setDelay', 'setFrameRate', 'setDispose', 'setRepeat',","           'setTransparent', 'setQuality'].indexOf(fn)) {","        self[fn].call(self, options[option]);","      }","    });","  }","","  var ws = new stream.Duplex({ objectMode: true });","  ws._read = function () {};","  this.createReadStream(ws);","","  var self = this;","  ws._write = function (data, enc, next) {","    if (!self.started) self.start();","    self.addFrame(data);","    next();","  };","  var end = ws.end;","  ws.end = function () {","    end.apply(ws, [].slice.call(arguments));","    self.finish();","  };","  return ws;","};","","GIFEncoder.prototype.emit = function() {","  var self = this;","  if (this.readStreams.length === 0) return;","  if (this.out.data.length) {","    this.readStreams.forEach(function (rs) {","      rs.push(new Buffer(self.out.data));","    });","    this.out.data = [];","  }","};","","GIFEncoder.prototype.end = function() {","  if (this.readStreams.length === null) return;","  this.emit();","  this.readStreams.forEach(function (rs) {","    rs.push(null);","  });","  this.readStreams = [];","};","","/*","  Sets the delay time between each frame, or changes it for subsequent frames","  (applies to the next frame added)","*/","GIFEncoder.prototype.setDelay = function(milliseconds) {","  this.delay = Math.round(milliseconds / 10);","};","","/*","  Sets frame rate in frames per second.","*/","GIFEncoder.prototype.setFrameRate = function(fps) {","  this.delay = Math.round(100 / fps);","};","","/*","  Sets the GIF frame disposal code for the last added frame and any","  subsequent frames.","","  Default is 0 if no transparent color has been set, otherwise 2.","*/","GIFEncoder.prototype.setDispose = function(disposalCode) {","  if (disposalCode >= 0) this.dispose 
[...]
{"line":418,"column":33}},"247":{"start":{"line":419,"column":6},"end":{"line":419,"column":33}},"248":{"start":{"line":421,"column":4},"end":{"line":421,"column":15}},"249":{"start":{"line":423,"column":2},"end":{"line":423,"column":33}},"250":{"start":{"line":431,"column":2},"end":{"line":431,"column":29}},"251":{"start":{"line":434,"column":0},"end":{"line":434,"column":26}}},"branchMap":{"1":{"line":149,"type":"binary-expr","locations":[{"start":{"line":149,"column":12},"end":{"line":149,"column":18}},{"start":{"line":149,"column":24},"end":{"line":149,"column":30}}]},"2":{"line":152,"type":"if","locations":[{"start":{"line":152,"column":6},"end":{"line":152,"column":6}},{"start":{"line":152,"column":6},"end":{"line":152,"column":6}}]},"3":{"line":159,"type":"if","locations":[{"start":{"line":159,"column":6},"end":{"line":159,"column":6}},{"start":{"line":159,"column":6},"end":{"line":159,"column":6}}]},"4":{"line":191,"type":"if","locations":[{"start":{"line":191,"column":6},"end":{"line":191,"column":6}},{"start":{"line":191,"column":6},"end":{"line":191,"column":6}}]},"5":{"line":197,"type":"if","locations":[{"start":{"line":197,"column":6},"end":{"line":197,"column":6}},{"start":{"line":197,"column":6},"end":{"line":197,"column":6}}]},"6":{"line":227,"type":"if","locations":[{"start":{"line":227,"column":8},"end":{"line":227,"column":8}},{"start":{"line":227,"column":8},"end":{"line":227,"column":8}}]},"7":{"line":234,"type":"if","locations":[{"start":{"line":234,"column":6},"end":{"line":234,"column":6}},{"start":{"line":234,"column":6},"end":{"line":234,"column":6}}]},"8":{"line":242,"type":"if","locations":[{"start":{"line":242,"column":6},"end":{"line":242,"column":6}},{"start":{"line":242,"column":6},"end":{"line":242,"column":6}}]},"9":{"line":269,"type":"binary-expr","locations":[{"start":{"line":269,"column":12},"end":{"line":269,"column":23}},{"start":{"line":269,"column":29},"end":{"line":269,"column":35}}]},"10":{"line":270,"type":"if","locations":[{"start":{"line":270,"column":6},"end":{"line":270,"column":6}},{"start":{"line":270,"column":6},"end":{"line":270,"column":6}}]},"11":{"line":273,"type":"if","locations":[{"start":{"line":273,"column":8},"end":{"line":273,"column":8}},{"start":{"line":273,"column":8},"end":{"line":273,"column":8}}]},"12":{"line":276,"type":"if","locations":[{"start":{"line":276,"column":10},"end":{"line":276,"column":10}},{"start":{"line":276,"column":10},"end":{"line":276,"column":10}}]},"13":{"line":277,"type":"if","locations":[{"start":{"line":277,"column":24},"end":{"line":277,"column":24}},{"start":{"line":277,"column":24},"end":{"line":277,"column":24}}]},"14":{"line":279,"type":"if","locations":[{"start":{"line":279,"column":10},"end":{"line":279,"column":10}},{"start":{"line":279,"column":10},"end":{"line":279,"column":10}}]},"15":{"line":280,"type":"if","locations":[{"start":{"line":280,"column":26},"end":{"line":280,"column":26}},{"start":{"line":280,"column":26},"end":{"line":280,"column":26}}]},"16":{"line":282,"type":"if","locations":[{"start":{"line":282,"column":12},"end":{"line":282,"column":12}},{"start":{"line":282,"column":12},"end":{"line":282,"column":12}}]},"17":{"line":289,"type":"if","locations":[{"start":{"line":289,"column":6},"end":{"line":289,"column":6}},{"start":{"line":289,"column":6},"end":{"line":289,"column":6}}]},"18":{"line":292,"type":"if","locations":[{"start":{"line":292,"column":8},"end":{"line":292,"column":8}},{"start":{"line":292,"column":8},"end":{"line":292,"column":8}}]},"19":{"line":295,"type":"if","locations":[{"start":{"line":295,"column":10},"end":{"line":295,"column":10}},{"start":{"line":295,"column":10},"end":{"line":295,"column":10}}]},"20":{"line":296,"type":"if","locations":[{"start":{"line":296,"column":24},"end":{"line":296,"column":24}},{"start":{"line":296,"column":24},"end":{"line":296,"column":24}}]},"21":{"line":298,"type":"if","locations":[{"start":{"line":298,"column":10},"end":{"line":298,"column":10}},{"start":{"line":298,"column":10},"end":{"line":298,"column":10}}]},"22":{"line":299,"type":"if","locations":[{"start":{"line":299,"column":26},"end":{"line":299,"column":26}},{"start":{"line":299,"column":26},"end":{"line":299,"column":26}}]},"23":{"line":301,"type":"if","locations":[{"start":{"line":301,"column":12},"end":{"line":301,"column":12}},{"start":{"line":301,"column":12},"end":{"line":301,"column":12}}]},"24":{"line":330,"type":"if","locations":[{"start":{"line":330,"column":4},"end":{"line":330,"column":4}},{"start":{"line":330,"column":4},"end":{"line":330,"column":4}}]},"25":{"line":335,"type":"if","locations":[{"start":{"line":335,"column":4},"end":{"line":335,"column":4}},{"start":{"line":335,"column":4},"end":{"line":335,"column":4}}]},"26":{"line":338,"type":"if","locations":[{"start":{"line":338,"column":11},"end":{"line":338,"column":11}},{"start":{"line":338,"column":11},"end":{"line":338,"column":11}}]},"27":{"line":340,"type":"if","locations":[{"start":{"line":340,"column":11},"end":{"line":340,"column":11}},{"start":{"line":340,"column":11},"end":{"line":340,"column":11}}]},"28":{"line":342,"type":"if","locations":[{"start":{"line":342,"column":11},"end":{"line":342,"column":11}},{"start":{"line":342,"column":11},"end":{"line":342,"column":11}}]},"29":{"line":360,"type":"if","locations":[{"start":{"line":360,"column":6},"end":{"line":360,"column":6}},{"start":{"line":360,"column":6},"end":{"line":360,"column":6}}]},"30":{"line":363,"type":"if","locations":[{"start":{"line":363,"column":6},"end":{"line":363,"column":6}},{"start":{"line":363,"column":6},"end":{"line":363,"column":6}}]},"31":{"line":367,"type":"if","locations":[{"start":{"line":367,"column":6},"end":{"line":367,"column":6}},{"start":{"line":367,"column":6},"end":{"line":367,"column":6}}]},"32":{"line":368,"type":"if","locations":[{"start":{"line":368,"column":6},"end":{"line":368,"column":6}},{"start":{"line":368,"column":6},"end":{"line":368,"column":6}}]},"33":{"line":373,"type":"if","locations":[{"start":{"line":373,"column":8},"end":{"line":373,"column":8}},{"start":{"line":373,"column":8},"end":{"line":373,"column":8}}]}},"code":["/* NeuQuant Neural-Net Quantization Algorithm"," * ------------------------------------------"," *"," * Copyright (c) 1994 Anthony Dekker"," *"," * NEUQUANT Neural-Net quantization algorithm by Anthony Dekker, 1994."," * See \"Kohonen neural networks for optimal colour quantization\""," * in \"Network: Computation in Neural Systems\" Vol. 5 (1994) pp 351-367."," * for a discussion of the algorithm."," * See also  http://members.ozemail.com.au/~dekker/NEUQUANT.HTML"," *"," * Any party obtaining a copy of these files from the author, directly or"," * indirectly, is granted, free of charge, a full and unrestricted irrevocable,"," * world-wide, paid up, royalty-free, nonexclusive right and license to deal"," * in this software and documentation files (the \"Software\"), including without"," * limitation the rights to use, copy, modify, merge, publish, distribute, sublicense,"," * and/or sell copies of the Software, and to permit persons who receive"," * copies from any such party to do so, with the only requirement being"," * that this copyright notice remain intact."," *"," * (JavaScript port 2012 by Johan Nordberg)"," */","","function toInt(v) {","  return ~~v;","}","","var ncycles = 100; // number of learning cycles","var netsize = 256; // number of colors used","var maxnetpos = netsize - 1;","","// defs for freq and bias","var netbiasshift = 4; // bias for colour values","var intbiasshift = 16; // bias for fractions","var intbias = (1 << intbiasshift);","var gammashift = 10;","var gamma = (1 << gammashift);","var betashift = 10;","var beta = (intbias >> betashift); /* beta = 1/1024 */","var betagamma = (intbias << (gammashift - betashift));","","// defs for decreasing radius factor","var initrad = (netsize >> 3); // for 256 cols, radius starts","var radiusbiasshift = 6; // at 32.0 biased by 6 bits","var radiusbias = (1 << radiusbiasshift);","var initradius = (initrad * radiusbias); //and decreases by a","var radiusdec = 30; // factor of 1/30 each cycle","","// defs for decreasing alpha factor","var alphabiasshift = 10; // alpha starts at 1.0","var initalpha = (1 << alphabiasshift);","var alphadec; // biased by 10 bits","","/* radbias and alpharadbias used for radpower calculation */","var radbiasshift = 8;","var radbias = (1 << radbiasshift);","var alpharadbshift = (alphabiasshift + radbiasshift);","var alpharadbias = (1 << alpharadbshift);","","// four primes near 500 - assume no image has a length so large that it is","// divisible by all four primes","var prime1 = 499;","var prime2 = 491;","var prime3 = 487;","var prime4 = 503;","var minpicturebytes = (3 * prime4);","","/*","  Constructor: NeuQuant","","  Arguments:","","  pixels - array of pixels in RGB format","  samplefac - sampling factor 1 to 30 where lower is better quality","","  >","  > pixels = [r, g, b, r, g, b, r, g, b, ..]","  >","*/","function NeuQuant(pixels, samplefac) {","  var network; // int[netsize][4]","  var netindex; // for network lookup - really 256","","  // bias and freq arrays for learning","  var bias;","  var freq;","  var radpower;","","  /*","    Private Method: init","","    sets up arrays","  */","  function init() {","    network = [];","    netindex = [];","    bias = [];","    freq = [];","    radpower = [];","","    var i, v;","    for (i = 0; i < netsize; i++) {","      v = (i << (netbiasshift + 8)) / netsize;","      network[i] = [v, v, v];","      freq[i] = intbias / netsize;","      bias[i] = 0;","    }","  }","","  /*","    Private Method: unbiasnet","","    unbiases network to give byte values 0..255 and record position i to prepare for sort","  */","  function unbiasnet() {","    for (var i = 0; i < netsize; i++) {","      network[i][0] >>= netbiasshift;","      network[i][1] >>= netbiasshift;","      network[i][2] >>= netbiasshift;","      network[i][3] = i; // record color number","    }","  }","","  /*","    Private Method: altersingle","","    moves neuron *i* towards biased (b,g,r) by factor *alpha*","  */","  function altersingle(alpha, i, b, g, r) {","    network[i][0] -= (alpha * (network[i][0] - b)) / initalpha;","    network[i][1] -= (alpha * (network[i][1] - g)) / initalpha;","    network[i][2] -= (alpha * (network[i][2] - r)) / initalpha;","  }","","  /*","    Private Method: alterneigh","","    moves neurons in *radius* around index *i* towards biased (b,g,r) by factor *alpha*","  */","  function alterneigh(radius, i, b, g, r) {","    var lo = Math.abs(i - radius);","    var hi = Math.min(i + radius, netsize);","","    var j = i + 1;","    var k = i - 1;","    var m = 1;","","    var p, a;","    while ((j < hi) || (k > lo)) {","      a = radpower[m++];","","      if (j < hi) {","        p = network[j++];","        p[0] -= (a * (p[0] - b)) / alpharadbias;","        p[1] -= (a * (p[1] - g)) / alpharadbias;","        p[2] -= (a * (p[2] - r)) / alpharadbias;","      }","","      if (k > lo) {","        p = network[k--];","        p[0] -= (a * (p[0] - b)) / alpharadbias;","        p[1] -= (a * (p[1] - g)) / alpharadbias;","        p[2] -= (a * (p[2] - r)) / alpharadbias;","      }","    }","  }","","  /*","    Private Method: contest","","    searches for biased BGR values","  */","  function contest(b, g, r) {","    /*","      finds closest neuron (min dist) and updates freq","      finds best neuron (min dist-bias) and returns position","      for frequently chosen neurons, freq[i] is high and bias[i] is negative","      bias[i] = gamma * ((1 / netsize) - freq[i])","    */","","    var bestd = ~(1 << 31);","    var bestbiasd = bestd;","    var bestpos = -1;","    var bestbiaspos = bestpos;","","    var i, n, dist, biasdist, betafreq;","    for (i = 0; i < netsize; i++) {","      n = network[i];","","      dist = Math.abs(n[0] - b) + Math.abs(n[1] - g) + Math.abs(n[2] - r);","      if (dist < bestd) {","        bestd = dist;","        bestpos = i;","      }","","      biasdist = dist - ((bias[i]) >> (intbiasshift - netbiasshift));","      if (biasdist < bestbiasd) {","        bestbiasd = biasdist;","        bestbiaspos = i;","      }","","      betafreq = (freq[i] >> betashift);","      freq[i] -= betafreq;","      bias[i] += (betafreq << gammashift);","    }","","    freq[bestpos] += beta;","    bias[bestpos] -= betagamma;","","    return bestbiaspos;","  }","","  /*","    Private Method: inxbuild","","    sorts network and builds netindex[0..255]","  */","  function inxbuild() {","    var i, j, p, q, smallpos, smallval, previouscol = 0, startpos = 0;","    for (i = 0; i < netsize; i++) {","      p = network[i];","      smallpos = i;","      smallval = p[1]; // index on g","      // find smallest in i..netsize-1","      for (j = i + 1; j < netsize; j++) {","        q = network[j];","        if (q[1] < smallval) { // index on g","          smallpos = j;","          smallval = q[1]; // index on g","        }","      }","      q = network[smallpos];","      // swap p (i) and q (smallpos) entries","      if (i != smallpos) {","        j = q[0];   q[0] = p[0];   p[0] = j;","        j = q[1];   q[1] = p[1];   p[1] = j;","        j = q[2];   q[2] = p[2];   p[2] = j;","        j = q[3];   q[3] = p[3];   p[3] = j;","      }","      // smallval entry is now in position i","","      if (smallval != previouscol) {","        netindex[previouscol] = (startpos + i) >> 1;","        for (j = previouscol + 1; j < smallval; j++)","          netindex[j] = i;","        previouscol = smallval;","        startpos = i;","      }","    }","    netindex[previouscol] = (startpos + maxnetpos) >> 1;","    for (j = previouscol + 1; j < 256; j++)","      netindex[j] = maxnetpos; // really 256","  }","","  /*","    Private Method: inxsearch","","    searches for BGR values 0..255 and returns a color index","  */","  function inxsearch(b, g, r) {","    var a, p, dist;","","    var bestd = 1000; // biggest possible dist is 256*3","    var best = -1;","","    var i = netindex[g]; // index on g","    var j = i - 1; // start at netindex[g] and work outwards","","    while ((i < netsize) || (j >= 0)) {","      if (i < netsize) {","        p = network[i];","        dist = p[1] - g; // inx key","        if (dist >= bestd) i = netsize; // stop iter","        else {","          i++;","          if (dist < 0) dist = -dist;","          a = p[0] - b; if (a < 0) a = -a;","          dist += a;","          if (dist < bestd) {","            a = p[2] - r; if (a < 0) a = -a;","            dist += a;","            if (dist < bestd) {","              bestd = dist;","              best = p[3];","            }","          }","        }","      }","      if (j >= 0) {","        p = network[j];","        dist = g - p[1]; // inx key - reverse dif","        if (dist >= bestd) j = -1; // stop iter","        else {","          j--;","          if (dist < 0) dist = -dist;","          a = p[0] - b; if (a < 0) a = -a;","          dist += a;","          if (dist < bestd) {","            a = p[2] - r; if (a < 0) a = -a;","            dist += a;","            if (dist < bestd) {","              bestd = dist;","              best = p[3];","            }","          }","        }","      }","    }","","    return best;","  }","","  /*","    Private Method: learn","","    \"Main Learning Loop\"","  */","  function learn() {","    var i;","","    var lengthcount = pixels.length;","    var alphadec = toInt(30 + ((samplefac - 1) / 3));","    var samplepixels = toInt(lengthcount / (3 * samplefac));","    var delta = toInt(samplepixels / ncycles);","    var alpha = initalpha;","    var radius = initradius;","","    var rad = radius >> radiusbiasshift;","","    if (rad <= 1) rad = 0;","    for (i = 0; i < rad; i++)","      radpower[i] = toInt(alpha * (((rad * rad - i * i) * radbias) / (rad * rad)));","","    var step;","    if (lengthcount < minpicturebytes) {","      samplefac = 1;","      step = 3;","    } else if ((lengthcount % prime1) !== 0) {","      step = 3 * prime1;","    } else if ((lengthcount % prime2) !== 0) {","      step = 3 * prime2;","    } else if ((lengthcount % prime3) !== 0)  {","      step = 3 * prime3;","    } else {","      step = 3 * prime4;","    }","","    var b, g, r, j;","    var pix = 0; // current pixel","","    i = 0;","    while (i < samplepixels) {","      b = (pixels[pix] & 0xff) << netbiasshift;","      g = (pixels[pix + 1] & 0xff) << netbiasshift;","      r = (pixels[pix + 2] & 0xff) << netbiasshift;","","      j = contest(b, g, r);","","      altersingle(alpha, j, b, g, r);","      if (rad !== 0) alterneigh(rad, j, b, g, r); // alter neighbours","","      pix += step;","      if (pix >= lengthcount) pix -= lengthcount;","","      i++;","","      if (delta === 0) delta = 1;","      if (i % delta === 0) {","        alpha -= alpha / alphadec;","        radius -= radius / radiusdec;","        rad = radius >> radiusbiasshift;","","        if (rad <= 1) rad = 0;","        for (j = 0; j < rad; j++)","          radpower[j] = toInt(alpha * (((rad * rad - j * j) * radbias) / (rad * rad)));","      }","    }","  }","","  /*","    Method: buildColormap","","    1. initializes network","    2. trains it","    3. removes misconceptions","    4. builds colorindex","  */","  function buildColormap() {","    init();","    learn();","    unbiasnet();","    inxbuild();","  }","  this.buildColormap = buildColormap;","","  /*","    Method: getColormap","","    builds colormap from the index","","    returns array in the format:","","    >","    > [r, g, b, r, g, b, r, g, b, ..]","    >","  */","  function getColormap() {","    var map = [];","    var index = [];","","    for (var i = 0; i < netsize; i++)","      index[network[i][3]] = i;","","    var k = 0;","    for (var l = 0; l < netsize; l++) {","      var j = index[l];","      map[k++] = (network[j][0]);","      map[k++] = (network[j][1]);","      map[k++] = (network[j][2]);","    }","    return map;","  }","  this.getColormap = getColormap;","","  /*","    Method: lookupRGB","","    looks for the closest *r*, *g*, *b* color in the map and","    returns its index","  */","  this.lookupRGB = inxsearch;","}","","module.exports = NeuQuant;",""],"l":{"24":1,"25":0,"28":1,"29":1,"30":1,"33":1,"34":1,"35":1,"36":1,"37":1,"38":1,"39":1,"40":1,"43":1,"44":1,"45":1,"46":1,"47":1,"50":1,"51":1,"52":1,"55":1,"56":1,"57":1,"58":1,"62":1,"63":1,"64":1,"65":1,"66":1,"80":1,"81":0,"82":0,"85":0,"86":0,"87":0,"94":1,"95":0,"96":0,"97":0,"98":0,"99":0,"101":0,"102":0,"103":0,"104":0,"105":0,"106":0,"115":1,"116":0,"117":0,"118":0,"119":0,"120":0,"129":1,"130":0,"131":0,"132":0,"140":1,"141":0,"142":0,"144":0,"145":0,"146":0,"148":0,"149":0,"150":0,"152":0,"153":0,"154":0,"155":0,"156":0,"159":0,"160":0,"161":0,"162":0,"163":0,"173":1,"181":0,"182":0,"183":0,"184":0,"186":0,"187":0,"188":0,"190":0,"191":0,"192":0,"193":0,"196":0,"197":0,"198":0,"199":0,"202":0,"203":0,"204":0,"207":0,"208":0,"210":0,"218":1,"219":0,"220":0,"221":0,"222":0,"223":0,"225":0,"226":0,"227":0,"228":0,"229":0,"232":0,"234":0,"235":0,"236":0,"237":0,"238":0,"242":0,"243":0,"244":0,"245":0,"246":0,"247":0,"250":0,"251":0,"252":0,"260":1,"261":0,"263":0,"264":0,"266":0,"267":0,"269":0,"270":0,"271":0,"272":0,"273":0,"275":0,"276":0,"277":0,"278":0,"279":0,"280":0,"281":0,"282":0,"283":0,"284":0,"289":0,"290":0,"291":0,"292":0,"294":0,"295":0,"296":0,"297":0,"298":0,"299":0,"300":0,"301":0,"302":0,"303":0,"310":0,"318":1,"319":0,"321":0,"322":0,"323":0,"324":0,"325":0,"326":0,"328":0,"330":0,"331":0,"332":0,"334":0,"335":0,"336":0,"337":0,"338":0,"339":0,"340":0,"341":0,"342":0,"343":0,"345":0,"348":0,"349":0,"351":0,"352":0,"353":0,"354":0,"355":0,"357":0,"359":0,"360":0,"362":0,"363":0,"365":0,"367":0,"368":0,"369":0,"370":0,"371":0,"373":0,"374":0,"375":0,"388":1,"389":0,"390":0,"391":0,"392":0,"394":0,"407":1,"408":0,"409":0,"411":0,"412":0,"414":0,"415":0,"416":0,"417":0,"418":0,"419":0,"421":0,"423":0,"431":0,"434":1}}}